#
# A fatal error has been detected by the Java Runtime Environment:
#
#  EXCEPTION_ACCESS_VIOLATION (0xc0000005) at pc=0x00007ffe78d5c64d, pid=14408, tid=1792
#
# JRE version: Java(TM) SE Runtime Environment 18.9 (11.0.13+10) (build 11.0.13+10-LTS-370)
# Java VM: Java HotSpot(TM) 64-Bit Server VM 18.9 (11.0.13+10-LTS-370, mixed mode, tiered, compressed oops, g1 gc, windows-amd64)
# Problematic frame:
# C  [lwjgl_opengl.dll+0xc64d]
#
# No core dump will be written. Minidumps are not enabled by default on client versions of Windows
#
# If you would like to submit a bug report, please visit:
#   https://bugreport.java.com/bugreport/crash.jsp
# The crash happened outside the Java Virtual Machine in native code.
# See problematic frame for where to report the bug.
#

---------------  S U M M A R Y ------------

Command Line: -Dfile.encoding=windows-1251 -Duser.country=RU -Duser.language=ru -Duser.variant org.game.Game

Host: AMD Ryzen 5 4600H with Radeon Graphics         , 12 cores, 7G,  Windows 10 , 64 bit Build 19041 (10.0.19041.1645)
Time: Tue Apr 26 09:27:49 2022 RTZ 2 (зима) elapsed time: 0.520415 seconds (0d 0h 0m 0s)

---------------  T H R E A D  ---------------

Current thread (0x00000155311f9800):  JavaThread "main" [_thread_in_native, id=1792, stack(0x0000000804700000,0x0000000804800000)]

Stack: [0x0000000804700000,0x0000000804800000],  sp=0x00000008047ff498,  free space=1021k
Native frames: (J=compiled Java code, j=interpreted, Vv=VM code, C=native code)
C  [lwjgl_opengl.dll+0xc64d]

Java frames: (J=compiled Java code, j=interpreted, Vv=VM code)
j  org.lwjgl.opengl.GL11C.nglGenTextures(IJ)V+0
j  org.lwjgl.opengl.GL11C.glGenTextures()I+20
j  org.lwjgl.opengl.GL11.glGenTextures()I+0
J 651% c1 org.game.TextureLoader.loadTexture(Ljava/awt/image/BufferedImage;)I (241 bytes) @ 0x0000015538ec0a8c [0x0000015538ebfe60+0x0000000000000c2c]
j  org.game.Game.<init>(Lorg/game/GameGrid;Lorg/game/Controller;)V+28
j  org.game.Game.main([Ljava/lang/String;)V+26
v  ~StubRoutines::call_stub

siginfo: EXCEPTION_ACCESS_VIOLATION (0xc0000005), reading address 0x00000000000002d8


Register to memory mapping:

RIP=0x00007ffe78d5c64d lwjgl_opengl.dll
RAX=0x000001555000cc10 points into unknown readable memory: 0x0000000000000000 | 00 00 00 00 00 00 00 00
RBX={method} {0x0000015550bd97d8} 'nglGenTextures' '(IJ)V' in 'org/lwjgl/opengl/GL11C'
RCX=0x0000000000000001 is an unknown value
RDX=0x000001555006801c points into unknown readable memory: 00 00 00 00
RSP=0x00000008047ff498 is pointing into the stack for thread: 0x00000155311f9800
RBP=0x00000008047ff528 is pointing into the stack for thread: 0x00000155311f9800
RSI=0x0000015550bbf448 is pointing into metadata
RDI=0x000001553883a0c3 is at code_begin+2307 in an Interpreter codelet
invoke return entry points  [0x00000155388397c0, 0x000001553883a1a0]  2528 bytes
R8 =0x0000000000000001 is an unknown value
R9 =0x000001555006801c points into unknown readable memory: 00 00 00 00
R10=0x0 is NULL
R11=0x0000000090c30580 is an oop: java.lang.Class 
{0x0000000090c30580} - klass: 'java/lang/Class'
R12=0x0 is NULL
R13={method} {0x0000015550bd97d8} 'nglGenTextures' '(IJ)V' in 'org/lwjgl/opengl/GL11C'
R14=0x00000008047ff558 is pointing into the stack for thread: 0x00000155311f9800
R15=0x00000155311f9800 is a thread


Registers:
RAX=0x000001555000cc10, RBX=0x0000015550bd97d0, RCX=0x0000000000000001, RDX=0x000001555006801c
RSP=0x00000008047ff498, RBP=0x00000008047ff528, RSI=0x0000015550bbf448, RDI=0x000001553883a0c3
R8 =0x0000000000000001, R9 =0x000001555006801c, R10=0x0000000000000000, R11=0x0000000090c30580
R12=0x0000000000000000, R13=0x0000015550bd97d0, R14=0x00000008047ff558, R15=0x00000155311f9800
RIP=0x00007ffe78d5c64d, EFLAGS=0x0000000000010202

Top of Stack: (sp=0x00000008047ff498)
0x00000008047ff498:   000001553883f2d7 000001553883a0c3
0x00000008047ff4a8:   000001553883efbc 0000015550bd97d0
0x00000008047ff4b8:   00000008047ff528 0000015550bbf448
0x00000008047ff4c8:   00000008047ff540 0000015538839bd0
0x00000008047ff4d8:   000001553883ef76 00000008047ff4e0
0x00000008047ff4e8:   0000015550bd97d0 00000008047ff558
0x00000008047ff4f8:   0000015550be3900 0000000000000000
0x00000008047ff508:   0000000090c30580 0000015550bd97d0
0x00000008047ff518:   0000000000000000 00000008047ff548
0x00000008047ff528:   00000008047ff5a8 000001553883a0c3
0x00000008047ff538:   0000000090c30580 000001553883c298
0x00000008047ff548:   000001555006801c 0000000000000000
0x00000008047ff558:   0000000000000001 00000008047ff560
0x00000008047ff568:   0000015550bd9944 00000008047ff5d8
0x00000008047ff578:   0000015550be3900 0000000000000000
0x00000008047ff588:   0000000090c30580 0000015550bd99b0 

Instructions: (pc=0x00007ffe78d5c64d)
0x00007ffe78d5c62d:   c8 02 00 00 cc cc cc cc cc cc cc cc cc cc cc cc
0x00007ffe78d5c63d:   cc cc cc 48 8b 01 49 8b d1 41 8b c8 4c 8b 50 18
0x00007ffe78d5c64d:   49 ff a2 d8 02 00 00 cc cc cc cc cc cc cc cc cc
0x00007ffe78d5c65d:   cc cc cc 48 8b 01 49 8b d1 41 8b c8 4c 8b 50 18 


Stack slot to memory mapping:
stack at sp + 0 slots: 0x000001553883f2d7 is at code_begin+1047 in an Interpreter codelet
method entry point (kind = native)  [0x000001553883eec0, 0x000001553883f960]  2720 bytes
stack at sp + 1 slots: 0x000001553883a0c3 is at code_begin+2307 in an Interpreter codelet
invoke return entry points  [0x00000155388397c0, 0x000001553883a1a0]  2528 bytes
stack at sp + 2 slots: 0x000001553883efbc is at code_begin+252 in an Interpreter codelet
method entry point (kind = native)  [0x000001553883eec0, 0x000001553883f960]  2720 bytes
stack at sp + 3 slots: {method} {0x0000015550bd97d8} 'nglGenTextures' '(IJ)V' in 'org/lwjgl/opengl/GL11C'
stack at sp + 4 slots: 0x00000008047ff528 is pointing into the stack for thread: 0x00000155311f9800
stack at sp + 5 slots: 0x0000015550bbf448 is pointing into metadata
stack at sp + 6 slots: 0x00000008047ff540 is pointing into the stack for thread: 0x00000155311f9800
stack at sp + 7 slots: 0x0000015538839bd0 is at code_begin+1040 in an Interpreter codelet
invoke return entry points  [0x00000155388397c0, 0x000001553883a1a0]  2528 bytes


---------------  P R O C E S S  ---------------

Threads class SMR info:
_java_thread_list=0x000001554ff15120, length=12, elements={
0x00000155311f9800, 0x000001554f004800, 0x000001554f00e000, 0x000001554f9a3000,
0x000001554f022000, 0x000001554f023000, 0x000001554f026000, 0x000001554f030800,
0x000001554f031800, 0x000001554fb0a800, 0x000001554ff29000, 0x000001554ff45800
}

Java Threads: ( => current thread )
=>0x00000155311f9800 JavaThread "main" [_thread_in_native, id=1792, stack(0x0000000804700000,0x0000000804800000)]
  0x000001554f004800 JavaThread "Reference Handler" daemon [_thread_blocked, id=2524, stack(0x0000000804e00000,0x0000000804f00000)]
  0x000001554f00e000 JavaThread "Finalizer" daemon [_thread_blocked, id=1716, stack(0x0000000804f00000,0x0000000805000000)]
  0x000001554f9a3000 JavaThread "Signal Dispatcher" daemon [_thread_blocked, id=15296, stack(0x0000000805000000,0x0000000805100000)]
  0x000001554f022000 JavaThread "Attach Listener" daemon [_thread_blocked, id=11632, stack(0x0000000805100000,0x0000000805200000)]
  0x000001554f023000 JavaThread "Service Thread" daemon [_thread_blocked, id=11900, stack(0x0000000805200000,0x0000000805300000)]
  0x000001554f026000 JavaThread "C2 CompilerThread0" daemon [_thread_blocked, id=16152, stack(0x0000000805300000,0x0000000805400000)]
  0x000001554f030800 JavaThread "C1 CompilerThread0" daemon [_thread_blocked, id=3848, stack(0x0000000805400000,0x0000000805500000)]
  0x000001554f031800 JavaThread "Sweeper thread" daemon [_thread_blocked, id=7172, stack(0x0000000805500000,0x0000000805600000)]
  0x000001554fb0a800 JavaThread "Common-Cleaner" daemon [_thread_blocked, id=16116, stack(0x0000000805700000,0x0000000805800000)]
  0x000001554ff29000 JavaThread "Java2D Disposer" daemon [_thread_blocked, id=9452, stack(0x0000000805800000,0x0000000805900000)]
  0x000001554ff45800 JavaThread "C2 CompilerThread1" daemon [_thread_blocked, id=5836, stack(0x0000000805900000,0x0000000805a00000)]

Other Threads:
  0x000001554efe2000 VMThread "VM Thread" [stack: 0x0000000804d00000,0x0000000804e00000] [id=14172]
  0x000001554fb09000 WatcherThread [stack: 0x0000000805600000,0x0000000805700000] [id=6640]
  0x000001553120e000 GCTaskThread "GC Thread#0" [stack: 0x0000000804800000,0x0000000804900000] [id=4932]
  0x000001553123d000 ConcurrentGCThread "G1 Main Marker" [stack: 0x0000000804900000,0x0000000804a00000] [id=6604]
  0x000001553123f800 ConcurrentGCThread "G1 Conc#0" [stack: 0x0000000804a00000,0x0000000804b00000] [id=8620]
  0x00000155312d8000 ConcurrentGCThread "G1 Refine#0" [stack: 0x0000000804b00000,0x0000000804c00000] [id=7056]
  0x00000155312d9000 ConcurrentGCThread "G1 Young RemSet Sampling" [stack: 0x0000000804c00000,0x0000000804d00000] [id=684]

Threads with active compile tasks:

VM state:not at safepoint (normal execution)

VM Mutex/Monitor currently owned by a thread: None

Heap address: 0x000000008a200000, size: 1886 MB, Compressed Oops mode: 32-bit
Narrow klass base: 0x0000000000000000, Narrow klass shift: 3
Compressed class space size: 1073741824 Address: 0x0000000100000000

Heap:
 garbage-first heap   total 120832K, used 13312K [0x000000008a200000, 0x0000000100000000)
  region size 1024K, 12 young (12288K), 0 survivors (0K)
 Metaspace       used 11090K, capacity 11311K, committed 11392K, reserved 1058816K
  class space    used 1006K, capacity 1081K, committed 1152K, reserved 1048576K
Heap Regions: E=young(eden), S=young(survivor), O=old, HS=humongous(starts), HC=humongous(continues), CS=collection set, F=free, A=archive, TAMS=top-at-mark-start (previous, next)
|   0|0x000000008a200000, 0x000000008a300000, 0x000000008a300000|100%|HS|  |TAMS 0x000000008a200000, 0x000000008a200000| Complete 
|   1|0x000000008a300000, 0x000000008a400000, 0x000000008a400000|100%|HS|  |TAMS 0x000000008a300000, 0x000000008a300000| Complete 
|   2|0x000000008a400000, 0x000000008a500000, 0x000000008a500000|100%|HC|  |TAMS 0x000000008a400000, 0x000000008a400000| Complete 
|   3|0x000000008a500000, 0x000000008a500000, 0x000000008a600000|  0%| F|  |TAMS 0x000000008a500000, 0x000000008a500000| Untracked 
|   4|0x000000008a600000, 0x000000008a600000, 0x000000008a700000|  0%| F|  |TAMS 0x000000008a600000, 0x000000008a600000| Untracked 
|   5|0x000000008a700000, 0x000000008a700000, 0x000000008a800000|  0%| F|  |TAMS 0x000000008a700000, 0x000000008a700000| Untracked 
|   6|0x000000008a800000, 0x000000008a800000, 0x000000008a900000|  0%| F|  |TAMS 0x000000008a800000, 0x000000008a800000| Untracked 
|   7|0x000000008a900000, 0x000000008a900000, 0x000000008aa00000|  0%| F|  |TAMS 0x000000008a900000, 0x000000008a900000| Untracked 
|   8|0x000000008aa00000, 0x000000008aa00000, 0x000000008ab00000|  0%| F|  |TAMS 0x000000008aa00000, 0x000000008aa00000| Untracked 
|   9|0x000000008ab00000, 0x000000008ab00000, 0x000000008ac00000|  0%| F|  |TAMS 0x000000008ab00000, 0x000000008ab00000| Untracked 
|  10|0x000000008ac00000, 0x000000008ac00000, 0x000000008ad00000|  0%| F|  |TAMS 0x000000008ac00000, 0x000000008ac00000| Untracked 
|  11|0x000000008ad00000, 0x000000008ad00000, 0x000000008ae00000|  0%| F|  |TAMS 0x000000008ad00000, 0x000000008ad00000| Untracked 
|  12|0x000000008ae00000, 0x000000008ae00000, 0x000000008af00000|  0%| F|  |TAMS 0x000000008ae00000, 0x000000008ae00000| Untracked 
|  13|0x000000008af00000, 0x000000008af00000, 0x000000008b000000|  0%| F|  |TAMS 0x000000008af00000, 0x000000008af00000| Untracked 
|  14|0x000000008b000000, 0x000000008b000000, 0x000000008b100000|  0%| F|  |TAMS 0x000000008b000000, 0x000000008b000000| Untracked 
|  15|0x000000008b100000, 0x000000008b100000, 0x000000008b200000|  0%| F|  |TAMS 0x000000008b100000, 0x000000008b100000| Untracked 
|  16|0x000000008b200000, 0x000000008b200000, 0x000000008b300000|  0%| F|  |TAMS 0x000000008b200000, 0x000000008b200000| Untracked 
|  17|0x000000008b300000, 0x000000008b300000, 0x000000008b400000|  0%| F|  |TAMS 0x000000008b300000, 0x000000008b300000| Untracked 
|  18|0x000000008b400000, 0x000000008b400000, 0x000000008b500000|  0%| F|  |TAMS 0x000000008b400000, 0x000000008b400000| Untracked 
|  19|0x000000008b500000, 0x000000008b500000, 0x000000008b600000|  0%| F|  |TAMS 0x000000008b500000, 0x000000008b500000| Untracked 
|  20|0x000000008b600000, 0x000000008b600000, 0x000000008b700000|  0%| F|  |TAMS 0x000000008b600000, 0x000000008b600000| Untracked 
|  21|0x000000008b700000, 0x000000008b700000, 0x000000008b800000|  0%| F|  |TAMS 0x000000008b700000, 0x000000008b700000| Untracked 
|  22|0x000000008b800000, 0x000000008b800000, 0x000000008b900000|  0%| F|  |TAMS 0x000000008b800000, 0x000000008b800000| Untracked 
|  23|0x000000008b900000, 0x000000008b900000, 0x000000008ba00000|  0%| F|  |TAMS 0x000000008b900000, 0x000000008b900000| Untracked 
|  24|0x000000008ba00000, 0x000000008ba00000, 0x000000008bb00000|  0%| F|  |TAMS 0x000000008ba00000, 0x000000008ba00000| Untracked 
|  25|0x000000008bb00000, 0x000000008bb00000, 0x000000008bc00000|  0%| F|  |TAMS 0x000000008bb00000, 0x000000008bb00000| Untracked 
|  26|0x000000008bc00000, 0x000000008bc00000, 0x000000008bd00000|  0%| F|  |TAMS 0x000000008bc00000, 0x000000008bc00000| Untracked 
|  27|0x000000008bd00000, 0x000000008bd00000, 0x000000008be00000|  0%| F|  |TAMS 0x000000008bd00000, 0x000000008bd00000| Untracked 
|  28|0x000000008be00000, 0x000000008be00000, 0x000000008bf00000|  0%| F|  |TAMS 0x000000008be00000, 0x000000008be00000| Untracked 
|  29|0x000000008bf00000, 0x000000008bf00000, 0x000000008c000000|  0%| F|  |TAMS 0x000000008bf00000, 0x000000008bf00000| Untracked 
|  30|0x000000008c000000, 0x000000008c000000, 0x000000008c100000|  0%| F|  |TAMS 0x000000008c000000, 0x000000008c000000| Untracked 
|  31|0x000000008c100000, 0x000000008c100000, 0x000000008c200000|  0%| F|  |TAMS 0x000000008c100000, 0x000000008c100000| Untracked 
|  32|0x000000008c200000, 0x000000008c200000, 0x000000008c300000|  0%| F|  |TAMS 0x000000008c200000, 0x000000008c200000| Untracked 
|  33|0x000000008c300000, 0x000000008c300000, 0x000000008c400000|  0%| F|  |TAMS 0x000000008c300000, 0x000000008c300000| Untracked 
|  34|0x000000008c400000, 0x000000008c400000, 0x000000008c500000|  0%| F|  |TAMS 0x000000008c400000, 0x000000008c400000| Untracked 
|  35|0x000000008c500000, 0x000000008c500000, 0x000000008c600000|  0%| F|  |TAMS 0x000000008c500000, 0x000000008c500000| Untracked 
|  36|0x000000008c600000, 0x000000008c600000, 0x000000008c700000|  0%| F|  |TAMS 0x000000008c600000, 0x000000008c600000| Untracked 
|  37|0x000000008c700000, 0x000000008c700000, 0x000000008c800000|  0%| F|  |TAMS 0x000000008c700000, 0x000000008c700000| Untracked 
|  38|0x000000008c800000, 0x000000008c800000, 0x000000008c900000|  0%| F|  |TAMS 0x000000008c800000, 0x000000008c800000| Untracked 
|  39|0x000000008c900000, 0x000000008c900000, 0x000000008ca00000|  0%| F|  |TAMS 0x000000008c900000, 0x000000008c900000| Untracked 
|  40|0x000000008ca00000, 0x000000008ca00000, 0x000000008cb00000|  0%| F|  |TAMS 0x000000008ca00000, 0x000000008ca00000| Untracked 
|  41|0x000000008cb00000, 0x000000008cb00000, 0x000000008cc00000|  0%| F|  |TAMS 0x000000008cb00000, 0x000000008cb00000| Untracked 
|  42|0x000000008cc00000, 0x000000008cc00000, 0x000000008cd00000|  0%| F|  |TAMS 0x000000008cc00000, 0x000000008cc00000| Untracked 
|  43|0x000000008cd00000, 0x000000008cd00000, 0x000000008ce00000|  0%| F|  |TAMS 0x000000008cd00000, 0x000000008cd00000| Untracked 
|  44|0x000000008ce00000, 0x000000008ce00000, 0x000000008cf00000|  0%| F|  |TAMS 0x000000008ce00000, 0x000000008ce00000| Untracked 
|  45|0x000000008cf00000, 0x000000008cf00000, 0x000000008d000000|  0%| F|  |TAMS 0x000000008cf00000, 0x000000008cf00000| Untracked 
|  46|0x000000008d000000, 0x000000008d000000, 0x000000008d100000|  0%| F|  |TAMS 0x000000008d000000, 0x000000008d000000| Untracked 
|  47|0x000000008d100000, 0x000000008d100000, 0x000000008d200000|  0%| F|  |TAMS 0x000000008d100000, 0x000000008d100000| Untracked 
|  48|0x000000008d200000, 0x000000008d200000, 0x000000008d300000|  0%| F|  |TAMS 0x000000008d200000, 0x000000008d200000| Untracked 
|  49|0x000000008d300000, 0x000000008d300000, 0x000000008d400000|  0%| F|  |TAMS 0x000000008d300000, 0x000000008d300000| Untracked 
|  50|0x000000008d400000, 0x000000008d400000, 0x000000008d500000|  0%| F|  |TAMS 0x000000008d400000, 0x000000008d400000| Untracked 
|  51|0x000000008d500000, 0x000000008d500000, 0x000000008d600000|  0%| F|  |TAMS 0x000000008d500000, 0x000000008d500000| Untracked 
|  52|0x000000008d600000, 0x000000008d600000, 0x000000008d700000|  0%| F|  |TAMS 0x000000008d600000, 0x000000008d600000| Untracked 
|  53|0x000000008d700000, 0x000000008d700000, 0x000000008d800000|  0%| F|  |TAMS 0x000000008d700000, 0x000000008d700000| Untracked 
|  54|0x000000008d800000, 0x000000008d800000, 0x000000008d900000|  0%| F|  |TAMS 0x000000008d800000, 0x000000008d800000| Untracked 
|  55|0x000000008d900000, 0x000000008d900000, 0x000000008da00000|  0%| F|  |TAMS 0x000000008d900000, 0x000000008d900000| Untracked 
|  56|0x000000008da00000, 0x000000008da00000, 0x000000008db00000|  0%| F|  |TAMS 0x000000008da00000, 0x000000008da00000| Untracked 
|  57|0x000000008db00000, 0x000000008db00000, 0x000000008dc00000|  0%| F|  |TAMS 0x000000008db00000, 0x000000008db00000| Untracked 
|  58|0x000000008dc00000, 0x000000008dc00000, 0x000000008dd00000|  0%| F|  |TAMS 0x000000008dc00000, 0x000000008dc00000| Untracked 
|  59|0x000000008dd00000, 0x000000008dd00000, 0x000000008de00000|  0%| F|  |TAMS 0x000000008dd00000, 0x000000008dd00000| Untracked 
|  60|0x000000008de00000, 0x000000008de00000, 0x000000008df00000|  0%| F|  |TAMS 0x000000008de00000, 0x000000008de00000| Untracked 
|  61|0x000000008df00000, 0x000000008df00000, 0x000000008e000000|  0%| F|  |TAMS 0x000000008df00000, 0x000000008df00000| Untracked 
|  62|0x000000008e000000, 0x000000008e000000, 0x000000008e100000|  0%| F|  |TAMS 0x000000008e000000, 0x000000008e000000| Untracked 
|  63|0x000000008e100000, 0x000000008e100000, 0x000000008e200000|  0%| F|  |TAMS 0x000000008e100000, 0x000000008e100000| Untracked 
|  64|0x000000008e200000, 0x000000008e200000, 0x000000008e300000|  0%| F|  |TAMS 0x000000008e200000, 0x000000008e200000| Untracked 
|  65|0x000000008e300000, 0x000000008e300000, 0x000000008e400000|  0%| F|  |TAMS 0x000000008e300000, 0x000000008e300000| Untracked 
|  66|0x000000008e400000, 0x000000008e400000, 0x000000008e500000|  0%| F|  |TAMS 0x000000008e400000, 0x000000008e400000| Untracked 
|  67|0x000000008e500000, 0x000000008e500000, 0x000000008e600000|  0%| F|  |TAMS 0x000000008e500000, 0x000000008e500000| Untracked 
|  68|0x000000008e600000, 0x000000008e600000, 0x000000008e700000|  0%| F|  |TAMS 0x000000008e600000, 0x000000008e600000| Untracked 
|  69|0x000000008e700000, 0x000000008e700000, 0x000000008e800000|  0%| F|  |TAMS 0x000000008e700000, 0x000000008e700000| Untracked 
|  70|0x000000008e800000, 0x000000008e800000, 0x000000008e900000|  0%| F|  |TAMS 0x000000008e800000, 0x000000008e800000| Untracked 
|  71|0x000000008e900000, 0x000000008e900000, 0x000000008ea00000|  0%| F|  |TAMS 0x000000008e900000, 0x000000008e900000| Untracked 
|  72|0x000000008ea00000, 0x000000008ea00000, 0x000000008eb00000|  0%| F|  |TAMS 0x000000008ea00000, 0x000000008ea00000| Untracked 
|  73|0x000000008eb00000, 0x000000008eb00000, 0x000000008ec00000|  0%| F|  |TAMS 0x000000008eb00000, 0x000000008eb00000| Untracked 
|  74|0x000000008ec00000, 0x000000008ec00000, 0x000000008ed00000|  0%| F|  |TAMS 0x000000008ec00000, 0x000000008ec00000| Untracked 
|  75|0x000000008ed00000, 0x000000008ed00000, 0x000000008ee00000|  0%| F|  |TAMS 0x000000008ed00000, 0x000000008ed00000| Untracked 
|  76|0x000000008ee00000, 0x000000008ee00000, 0x000000008ef00000|  0%| F|  |TAMS 0x000000008ee00000, 0x000000008ee00000| Untracked 
|  77|0x000000008ef00000, 0x000000008ef00000, 0x000000008f000000|  0%| F|  |TAMS 0x000000008ef00000, 0x000000008ef00000| Untracked 
|  78|0x000000008f000000, 0x000000008f000000, 0x000000008f100000|  0%| F|  |TAMS 0x000000008f000000, 0x000000008f000000| Untracked 
|  79|0x000000008f100000, 0x000000008f100000, 0x000000008f200000|  0%| F|  |TAMS 0x000000008f100000, 0x000000008f100000| Untracked 
|  80|0x000000008f200000, 0x000000008f200000, 0x000000008f300000|  0%| F|  |TAMS 0x000000008f200000, 0x000000008f200000| Untracked 
|  81|0x000000008f300000, 0x000000008f300000, 0x000000008f400000|  0%| F|  |TAMS 0x000000008f300000, 0x000000008f300000| Untracked 
|  82|0x000000008f400000, 0x000000008f400000, 0x000000008f500000|  0%| F|  |TAMS 0x000000008f400000, 0x000000008f400000| Untracked 
|  83|0x000000008f500000, 0x000000008f500000, 0x000000008f600000|  0%| F|  |TAMS 0x000000008f500000, 0x000000008f500000| Untracked 
|  84|0x000000008f600000, 0x000000008f600000, 0x000000008f700000|  0%| F|  |TAMS 0x000000008f600000, 0x000000008f600000| Untracked 
|  85|0x000000008f700000, 0x000000008f700000, 0x000000008f800000|  0%| F|  |TAMS 0x000000008f700000, 0x000000008f700000| Untracked 
|  86|0x000000008f800000, 0x000000008f800000, 0x000000008f900000|  0%| F|  |TAMS 0x000000008f800000, 0x000000008f800000| Untracked 
|  87|0x000000008f900000, 0x000000008f900000, 0x000000008fa00000|  0%| F|  |TAMS 0x000000008f900000, 0x000000008f900000| Untracked 
|  88|0x000000008fa00000, 0x000000008fa00000, 0x000000008fb00000|  0%| F|  |TAMS 0x000000008fa00000, 0x000000008fa00000| Untracked 
|  89|0x000000008fb00000, 0x000000008fb00000, 0x000000008fc00000|  0%| F|  |TAMS 0x000000008fb00000, 0x000000008fb00000| Untracked 
|  90|0x000000008fc00000, 0x000000008fc00000, 0x000000008fd00000|  0%| F|  |TAMS 0x000000008fc00000, 0x000000008fc00000| Untracked 
|  91|0x000000008fd00000, 0x000000008fd00000, 0x000000008fe00000|  0%| F|  |TAMS 0x000000008fd00000, 0x000000008fd00000| Untracked 
|  92|0x000000008fe00000, 0x000000008fe00000, 0x000000008ff00000|  0%| F|  |TAMS 0x000000008fe00000, 0x000000008fe00000| Untracked 
|  93|0x000000008ff00000, 0x000000008ff00000, 0x0000000090000000|  0%| F|  |TAMS 0x000000008ff00000, 0x000000008ff00000| Untracked 
|  94|0x0000000090000000, 0x0000000090000000, 0x0000000090100000|  0%| F|  |TAMS 0x0000000090000000, 0x0000000090000000| Untracked 
|  95|0x0000000090100000, 0x0000000090100000, 0x0000000090200000|  0%| F|  |TAMS 0x0000000090100000, 0x0000000090100000| Untracked 
|  96|0x0000000090200000, 0x0000000090200000, 0x0000000090300000|  0%| F|  |TAMS 0x0000000090200000, 0x0000000090200000| Untracked 
|  97|0x0000000090300000, 0x0000000090300000, 0x0000000090400000|  0%| F|  |TAMS 0x0000000090300000, 0x0000000090300000| Untracked 
|  98|0x0000000090400000, 0x0000000090400000, 0x0000000090500000|  0%| F|  |TAMS 0x0000000090400000, 0x0000000090400000| Untracked 
|  99|0x0000000090500000, 0x0000000090500000, 0x0000000090600000|  0%| F|  |TAMS 0x0000000090500000, 0x0000000090500000| Untracked 
| 100|0x0000000090600000, 0x0000000090600000, 0x0000000090700000|  0%| F|  |TAMS 0x0000000090600000, 0x0000000090600000| Untracked 
| 101|0x0000000090700000, 0x0000000090700000, 0x0000000090800000|  0%| F|  |TAMS 0x0000000090700000, 0x0000000090700000| Untracked 
| 102|0x0000000090800000, 0x0000000090800000, 0x0000000090900000|  0%| F|  |TAMS 0x0000000090800000, 0x0000000090800000| Untracked 
| 103|0x0000000090900000, 0x0000000090900000, 0x0000000090a00000|  0%| F|  |TAMS 0x0000000090900000, 0x0000000090900000| Untracked 
| 104|0x0000000090a00000, 0x0000000090a00000, 0x0000000090b00000|  0%| F|  |TAMS 0x0000000090a00000, 0x0000000090a00000| Untracked 
| 105|0x0000000090b00000, 0x0000000090b00000, 0x0000000090c00000|  0%| F|  |TAMS 0x0000000090b00000, 0x0000000090b00000| Untracked 
| 106|0x0000000090c00000, 0x0000000090c7b630, 0x0000000090d00000| 48%| E|  |TAMS 0x0000000090c00000, 0x0000000090c00000| Complete 
| 107|0x0000000090d00000, 0x0000000090e00000, 0x0000000090e00000|100%| E|CS|TAMS 0x0000000090d00000, 0x0000000090d00000| Complete 
| 108|0x0000000090e00000, 0x0000000090f00000, 0x0000000090f00000|100%| E|CS|TAMS 0x0000000090e00000, 0x0000000090e00000| Complete 
| 109|0x0000000090f00000, 0x0000000091000000, 0x0000000091000000|100%| E|CS|TAMS 0x0000000090f00000, 0x0000000090f00000| Complete 
| 110|0x0000000091000000, 0x0000000091100000, 0x0000000091100000|100%| E|CS|TAMS 0x0000000091000000, 0x0000000091000000| Complete 
| 111|0x0000000091100000, 0x0000000091200000, 0x0000000091200000|100%| E|  |TAMS 0x0000000091100000, 0x0000000091100000| Complete 
| 112|0x0000000091200000, 0x0000000091300000, 0x0000000091300000|100%| E|CS|TAMS 0x0000000091200000, 0x0000000091200000| Complete 
| 113|0x0000000091300000, 0x0000000091400000, 0x0000000091400000|100%| E|CS|TAMS 0x0000000091300000, 0x0000000091300000| Complete 
| 114|0x0000000091400000, 0x0000000091500000, 0x0000000091500000|100%| E|CS|TAMS 0x0000000091400000, 0x0000000091400000| Complete 
| 115|0x0000000091500000, 0x0000000091600000, 0x0000000091600000|100%| E|CS|TAMS 0x0000000091500000, 0x0000000091500000| Complete 
| 116|0x0000000091600000, 0x0000000091700000, 0x0000000091700000|100%| E|CS|TAMS 0x0000000091600000, 0x0000000091600000| Complete 
| 117|0x0000000091700000, 0x0000000091800000, 0x0000000091800000|100%| E|CS|TAMS 0x0000000091700000, 0x0000000091700000| Complete 

Card table byte_map: [0x0000015548130000,0x00000155484e0000] _byte_map_base: 0x0000015547cdf000

Marking Bits (Prev, Next): (CMBitMap*) 0x0000015531234ef8, (CMBitMap*) 0x0000015531234f30
 Prev Bits: [0x0000015548890000, 0x000001554a608000)
 Next Bits: [0x000001554a610000, 0x000001554c388000)

Polling page: 0x000001552f200000

Metaspace:

Usage:
  Non-class:      9.99 MB capacity,     9.85 MB ( 99%) used,   126.04 KB (  1%) free+waste,    19.31 KB ( <1%) overhead. 
      Class:      1.06 MB capacity,  1006.22 KB ( 93%) used,    64.66 KB (  6%) free+waste,    10.13 KB ( <1%) overhead. 
       Both:     11.05 MB capacity,    10.83 MB ( 98%) used,   190.70 KB (  2%) free+waste,    29.44 KB ( <1%) overhead. 

Virtual space:
  Non-class space:       10.00 MB reserved,      10.00 MB (100%) committed 
      Class space:        1.00 GB reserved,       1.13 MB ( <1%) committed 
             Both:        1.01 GB reserved,      11.13 MB (  1%) committed 

Chunk freelists:
   Non-Class:  1.25 KB
       Class:  896 bytes
        Both:  2.13 KB

CodeHeap 'non-profiled nmethods': size=120000Kb used=245Kb max_used=245Kb free=119754Kb
 bounds [0x0000015540300000, 0x0000015540570000, 0x0000015547830000]
CodeHeap 'profiled nmethods': size=120000Kb used=1353Kb max_used=1353Kb free=118647Kb
 bounds [0x0000015538dd0000, 0x0000015539040000, 0x0000015540300000]
CodeHeap 'non-nmethods': size=5760Kb used=1126Kb max_used=1141Kb free=4633Kb
 bounds [0x0000015538830000, 0x0000015538aa0000, 0x0000015538dd0000]
 total_blobs=1291 nmethods=833 adapters=370
 compilation: enabled
              stopped_count=0, restarted_count=0
 full_count=0

Compilation events (10 events):
Event: 0.514 Thread 0x000001554f026000  825       4       java.lang.StringLatin1::indexOf (121 bytes)
Event: 0.515 Thread 0x000001554f030800  828       3       java.lang.Integer::toUnsignedLong (7 bytes)
Event: 0.515 Thread 0x000001554f030800 nmethod 828 0x0000015538f1f190 code [0x0000015538f1f320, 0x0000015538f1f418]
Event: 0.515 Thread 0x000001554f030800  829       3       sun.misc.Unsafe::putLong (11 bytes)
Event: 0.515 Thread 0x000001554f030800 nmethod 829 0x0000015538f1f490 code [0x0000015538f1f620, 0x0000015538f1f718]
Event: 0.515 Thread 0x000001554f030800  830       3       org.lwjgl.system.MemoryUtil::memPutAddress (29 bytes)
Event: 0.515 Thread 0x000001554f030800 nmethod 830 0x0000015538f1f790 code [0x0000015538f1f940, 0x0000015538f1fab8]
Event: 0.516 Thread 0x000001554f030800  832       3       java.net.URLStreamHandler::setURL (73 bytes)
Event: 0.517 Thread 0x000001554f030800 nmethod 832 0x0000015538f1fb90 code [0x0000015538f1fe40, 0x0000015538f20b38]
Event: 0.517 Thread 0x000001554f030800  833   !   3       java.net.URL::set (114 bytes)

GC Heap History (0 events):
No events

Deoptimization events (3 events):
Event: 0.076 Thread 0x00000155311f9800 Uncommon trap: reason=unstable_if action=reinterpret pc=0x0000015540304b1c method=java.lang.String.hashCode()I @ 14 c2
Event: 0.471 Thread 0x00000155311f9800 Uncommon trap: reason=unstable_if action=reinterpret pc=0x0000015540309ee0 method=java.io.WinNTFileSystem.isSlash(C)Z @ 9 c2
Event: 0.486 Thread 0x00000155311f9800 Uncommon trap: reason=unstable_if action=reinterpret pc=0x0000015540301070 method=java.lang.String.isLatin1()Z @ 10 c2

Classes redefined (0 events):
No events

Internal exceptions (10 events):
Event: 0.477 Thread 0x00000155311f9800 Exception <a 'sun/nio/fs/WindowsException'{0x0000000090e15210}> (0x0000000090e15210) thrown at [./open/src/hotspot/share/prims/jni.cpp, line 611]
Event: 0.491 Thread 0x00000155311f9800 Exception <a 'sun/nio/fs/WindowsException'{0x0000000090e6f7d0}> (0x0000000090e6f7d0) thrown at [./open/src/hotspot/share/prims/jni.cpp, line 611]
Event: 0.491 Thread 0x00000155311f9800 Exception <a 'sun/nio/fs/WindowsException'{0x0000000090e6fb78}> (0x0000000090e6fb78) thrown at [./open/src/hotspot/share/prims/jni.cpp, line 611]
Event: 0.494 Thread 0x00000155311f9800 Exception <a 'sun/nio/fs/WindowsException'{0x0000000090e8dcb0}> (0x0000000090e8dcb0) thrown at [./open/src/hotspot/share/prims/jni.cpp, line 611]
Event: 0.494 Thread 0x00000155311f9800 Exception <a 'sun/nio/fs/WindowsException'{0x0000000090e8df90}> (0x0000000090e8df90) thrown at [./open/src/hotspot/share/prims/jni.cpp, line 611]
Event: 0.501 Thread 0x00000155311f9800 Exception <a 'java/lang/NoSuchMethodError'{0x0000000090d0f730}: java.lang.invoke.DirectMethodHandle$Holder.invokeStaticInit(Ljava/lang/Object;Ljava/lang/Object;IJ)I> (0x0000000090d0f730) thrown at [./open/src/hotspot/share/interpreter/linkResolver.cpp, li
Event: 0.502 Thread 0x00000155311f9800 Exception <a 'java/lang/NoSuchMethodError'{0x0000000090d14b80}: java.lang.invoke.Invokers$Holder.linkToTargetMethod(Ljava/lang/Object;ILjava/lang/Object;)Ljava/lang/Object;> (0x0000000090d14b80) thrown at [./open/src/hotspot/share/interpreter/linkResolver
Event: 0.503 Thread 0x00000155311f9800 Exception <a 'java/lang/NoSuchMethodError'{0x0000000090d2a178}: java.lang.invoke.DirectMethodHandle$Holder.invokeStaticInit(Ljava/lang/Object;Ljava/lang/Object;JJ)I> (0x0000000090d2a178) thrown at [./open/src/hotspot/share/interpreter/linkResolver.cpp, li
Event: 0.504 Thread 0x00000155311f9800 Exception <a 'java/lang/NoSuchMethodError'{0x0000000090d35b80}: java.lang.invoke.Invokers$Holder.linkToTargetMethod(Ljava/lang/Object;JLjava/lang/Object;)Ljava/lang/Object;> (0x0000000090d35b80) thrown at [./open/src/hotspot/share/interpreter/linkResolver
Event: 0.504 Thread 0x00000155311f9800 Exception <a 'java/lang/NoSuchMethodError'{0x0000000090d3bdb0}: java.lang.invoke.DirectMethodHandle$Holder.invokeStaticInit(Ljava/lang/Object;Ljava/lang/Object;Ljava/lang/Object;J)I> (0x0000000090d3bdb0) thrown at [./open/src/hotspot/share/interpreter/lin

Events (10 events):
Event: 0.513 Thread 0x00000155311f9800 DEOPT PACKING pc=0x0000015538e0b05f sp=0x00000008047f83c0
Event: 0.513 Thread 0x00000155311f9800 DEOPT UNPACKING pc=0x0000015538856dde sp=0x00000008047f7838 mode 0
Event: 0.514 loading class org/lwjgl/opengl/GL$1
Event: 0.514 loading class org/lwjgl/opengl/GL$1 done
Event: 0.514 loading class org/lwjgl/system/SharedLibrary$Delegate
Event: 0.514 loading class org/lwjgl/system/SharedLibrary$Delegate done
Event: 0.515 loading class org/lwjgl/opengl/GL11C
Event: 0.515 loading class org/lwjgl/opengl/GL11C done
Event: 0.516 loading class org/lwjgl/system/libc/LibCString
Event: 0.516 loading class org/lwjgl/system/libc/LibCString done


Dynamic libraries:
0x00007ff6841d0000 - 0x00007ff6841df000 	C:\Program Files\Java\jdk-11.0.13\bin\java.exe
0x00007ffeb3310000 - 0x00007ffeb3505000 	C:\WINDOWS\SYSTEM32\ntdll.dll
0x00007ffeb2540000 - 0x00007ffeb25fe000 	C:\WINDOWS\System32\KERNEL32.DLL
0x00007ffeb0ca0000 - 0x00007ffeb0f68000 	C:\WINDOWS\System32\KERNELBASE.dll
0x00007ffeb0f70000 - 0x00007ffeb1070000 	C:\WINDOWS\System32\ucrtbase.dll
0x00007ffe8b510000 - 0x00007ffe8b528000 	C:\Program Files\Java\jdk-11.0.13\bin\jli.dll
0x00007ffea90d0000 - 0x00007ffea90e5000 	C:\Program Files\Java\jdk-11.0.13\bin\VCRUNTIME140.dll
0x00007ffeb2740000 - 0x00007ffeb27ee000 	C:\WINDOWS\System32\ADVAPI32.dll
0x00007ffeb1c40000 - 0x00007ffeb1cde000 	C:\WINDOWS\System32\msvcrt.dll
0x00007ffeb31d0000 - 0x00007ffeb326c000 	C:\WINDOWS\System32\sechost.dll
0x00007ffeb1f40000 - 0x00007ffeb2065000 	C:\WINDOWS\System32\RPCRT4.dll
0x00007ffeb2a50000 - 0x00007ffeb2bf0000 	C:\WINDOWS\System32\USER32.dll
0x00007ffeb0b60000 - 0x00007ffeb0b82000 	C:\WINDOWS\System32\win32u.dll
0x00007ffe967f0000 - 0x00007ffe96a8a000 	C:\WINDOWS\WinSxS\amd64_microsoft.windows.common-controls_6595b64144ccf1df_6.0.19041.1110_none_60b5254171f9507e\COMCTL32.dll
0x00007ffeb2f50000 - 0x00007ffeb2f7a000 	C:\WINDOWS\System32\GDI32.dll
0x00007ffeb0b90000 - 0x00007ffeb0c9b000 	C:\WINDOWS\System32\gdi32full.dll
0x00007ffeb12d0000 - 0x00007ffeb136d000 	C:\WINDOWS\System32\msvcp_win.dll
0x00007ffea84b0000 - 0x00007ffea84ba000 	C:\WINDOWS\SYSTEM32\VERSION.dll
0x00007ffeb32a0000 - 0x00007ffeb32d0000 	C:\WINDOWS\System32\IMM32.DLL
0x00007ffe684f0000 - 0x00007ffe6858b000 	C:\Program Files\Java\jdk-11.0.13\bin\msvcp140.dll
0x00007ffe30c80000 - 0x00007ffe31793000 	C:\Program Files\Java\jdk-11.0.13\bin\server\jvm.dll
0x00007ffeb3060000 - 0x00007ffeb3068000 	C:\WINDOWS\System32\PSAPI.DLL
0x00007ffea9080000 - 0x00007ffea9089000 	C:\WINDOWS\SYSTEM32\WSOCK32.dll
0x00007ffeb3160000 - 0x00007ffeb31cb000 	C:\WINDOWS\System32\WS2_32.dll
0x00007ffea5a80000 - 0x00007ffea5aa7000 	C:\WINDOWS\SYSTEM32\WINMM.dll
0x00007ffeae950000 - 0x00007ffeae962000 	C:\WINDOWS\SYSTEM32\kernel.appcore.dll
0x00007ffea89d0000 - 0x00007ffea89e0000 	C:\Program Files\Java\jdk-11.0.13\bin\verify.dll
0x00007ffe990f0000 - 0x00007ffe992d4000 	C:\WINDOWS\SYSTEM32\DBGHELP.DLL
0x00007ffe93700000 - 0x00007ffe9372c000 	C:\WINDOWS\SYSTEM32\dbgcore.DLL
0x00007ffeb0a30000 - 0x00007ffeb0ab2000 	C:\WINDOWS\System32\bcryptPrimitives.dll
0x00007ffe89aa0000 - 0x00007ffe89ac8000 	C:\Program Files\Java\jdk-11.0.13\bin\java.dll
0x00007ffe94e30000 - 0x00007ffe94e3a000 	C:\Program Files\Java\jdk-11.0.13\bin\jimage.dll
0x00007ffe8aef0000 - 0x00007ffe8af06000 	C:\Program Files\Java\jdk-11.0.13\bin\zip.dll
0x00007ffeb14f0000 - 0x00007ffeb1c34000 	C:\WINDOWS\System32\SHELL32.dll
0x00007ffeaeb50000 - 0x00007ffeaf2e4000 	C:\WINDOWS\SYSTEM32\windows.storage.dll
0x00007ffeb2bf0000 - 0x00007ffeb2f44000 	C:\WINDOWS\System32\combase.dll
0x00007ffeb0430000 - 0x00007ffeb045c000 	C:\WINDOWS\SYSTEM32\Wldp.dll
0x00007ffeb1ce0000 - 0x00007ffeb1d8d000 	C:\WINDOWS\System32\SHCORE.dll
0x00007ffeb27f0000 - 0x00007ffeb2845000 	C:\WINDOWS\System32\shlwapi.dll
0x00007ffeb0970000 - 0x00007ffeb098f000 	C:\WINDOWS\SYSTEM32\profapi.dll
0x00007ffe88f30000 - 0x00007ffe88f49000 	C:\Program Files\Java\jdk-11.0.13\bin\net.dll
0x00007ffea1ea0000 - 0x00007ffea1faa000 	C:\WINDOWS\SYSTEM32\WINHTTP.dll
0x00007ffeb0130000 - 0x00007ffeb019a000 	C:\WINDOWS\system32\mswsock.dll
0x00007ffe88e50000 - 0x00007ffe88e62000 	C:\Program Files\Java\jdk-11.0.13\bin\nio.dll
0x00007ffe68760000 - 0x00007ffe688fa000 	C:\Program Files\Java\jdk-11.0.13\bin\awt.dll
0x00007ffeb2850000 - 0x00007ffeb291d000 	C:\WINDOWS\System32\OLEAUT32.dll
0x00007ffeae3c0000 - 0x00007ffeae450000 	C:\WINDOWS\SYSTEM32\apphelp.dll
0x00007ffeb0380000 - 0x00007ffeb0398000 	C:\WINDOWS\SYSTEM32\CRYPTSP.dll
0x00007ffeafab0000 - 0x00007ffeafae4000 	C:\WINDOWS\system32\rsaenh.dll
0x00007ffeb0b30000 - 0x00007ffeb0b57000 	C:\WINDOWS\System32\bcrypt.dll
0x00007ffeb08f0000 - 0x00007ffeb091e000 	C:\WINDOWS\SYSTEM32\USERENV.dll
0x00007ffeb03a0000 - 0x00007ffeb03ac000 	C:\WINDOWS\SYSTEM32\CRYPTBASE.dll
0x00007ffeafe20000 - 0x00007ffeafe5b000 	C:\WINDOWS\SYSTEM32\IPHLPAPI.DLL
0x00007ffeb3290000 - 0x00007ffeb3298000 	C:\WINDOWS\System32\NSI.dll
0x00007ffea84e0000 - 0x00007ffea84f7000 	C:\WINDOWS\SYSTEM32\dhcpcsvc6.DLL
0x00007ffea84c0000 - 0x00007ffea84dd000 	C:\WINDOWS\SYSTEM32\dhcpcsvc.DLL
0x00007ffeafe60000 - 0x00007ffeaff2b000 	C:\WINDOWS\SYSTEM32\DNSAPI.dll
0x00007ffe73020000 - 0x00007ffe73095000 	C:\Users\kirko\AppData\Local\Temp\lwjglkirko\3.3.1-build-7\lwjgl.dll
0x00007ffe78d50000 - 0x00007ffe78dad000 	C:\Users\kirko\AppData\Local\Temp\lwjglkirko\3.3.1-build-7\lwjgl_opengl.dll
0x00007ffe90b80000 - 0x00007ffe90ca6000 	C:\WINDOWS\SYSTEM32\opengl32.dll
0x00007ffeac470000 - 0x00007ffeac49c000 	C:\WINDOWS\SYSTEM32\GLU32.dll

dbghelp: loaded successfully - version: 4.0.5 - missing functions: none
symbol engine: initialized successfully - sym options: 0x614 - pdb path: .;C:\Program Files\Java\jdk-11.0.13\bin;C:\WINDOWS\SYSTEM32;C:\WINDOWS\WinSxS\amd64_microsoft.windows.common-controls_6595b64144ccf1df_6.0.19041.1110_none_60b5254171f9507e;C:\Program Files\Java\jdk-11.0.13\bin\server;C:\Users\kirko\AppData\Local\Temp\lwjglkirko\3.3.1-build-7

VM Arguments:
jvm_args: -Dfile.encoding=windows-1251 -Duser.country=RU -Duser.language=ru -Duser.variant 
java_command: org.game.Game
java_class_path (initial): C:\Users\kirko\IdeaProjects\2048game\build\classes\java\main;C:\Users\kirko\IdeaProjects\2048game\build\resources\main;C:\Users\kirko\.gradle\caches\modules-2\files-2.1\org.lwjgl\lwjgl-assimp\3.3.1\312072f451794f25670aebb0160ce6ec88aff842\lwjgl-assimp-3.3.1.jar;C:\Users\kirko\.gradle\caches\modules-2\files-2.1\org.lwjgl\lwjgl-assimp\3.3.1\bfa2a0d57acbf952b716d0ad8a3acbd7ad9f5639\lwjgl-assimp-3.3.1-natives-windows.jar;C:\Users\kirko\.gradle\caches\modules-2\files-2.1\org.lwjgl\lwjgl-bgfx\3.3.1\4243b7d255d885980f10c36edfb678729493685e\lwjgl-bgfx-3.3.1.jar;C:\Users\kirko\.gradle\caches\modules-2\files-2.1\org.lwjgl\lwjgl-bgfx\3.3.1\12f22e13c99db9153124dbc17b84fe0233c6f3d5\lwjgl-bgfx-3.3.1-natives-windows.jar;C:\Users\kirko\.gradle\caches\modules-2\files-2.1\org.lwjgl\lwjgl-glfw\3.3.1\cbac1b8d30cb4795149c1ef540f912671a8616d0\lwjgl-glfw-3.3.1.jar;C:\Users\kirko\.gradle\caches\modules-2\files-2.1\org.lwjgl\lwjgl-glfw\3.3.1\ed892f945cf7e79c8756796f32d00fa4ceaf573b\lwjgl-glfw-3.3.1-natives-windows.jar;C:\Users\kirko\.gradle\caches\modules-2\files-2.1\org.lwjgl\lwjgl-nanovg\3.3.1\2f3b4d8f9b8de598517f105ce7e68560f25f11c6\lwjgl-nanovg-3.3.1.jar;C:\Users\kirko\.gradle\caches\modules-2\files-2.1\org.lwjgl\lwjgl-nanovg\3.3.1\1da0ba083ec772b85b3ea49ba4a3750bf8c7f4e1\lwjgl-nanovg-3.3.1-natives-windows.jar;C:\Users\kirko\.gradle\caches\modules-2\files-2.1\org.lwjgl\lwjgl-nuklear\3.3.1\628ccf80db3d623f1f559978e4246a23b2d1eeb1\lwjgl-nuklear-3.3.1.jar;C:\Users\kirko\.gradle\caches\modules-2\files-2.1\org.lwjgl\lwjgl-nuklear\3.3.1\755c93226fa44597741e37c6649e86cefa46b262\lwjgl-nuklear-3.3.1-natives-windows.jar;C:\Users\kirko\.gradle\caches\modules-2\files-2.1\org.lwjgl\lwjgl-openal\3.3.1\2623a6b8ae1dfcd880738656a9f0243d2e6840bd\lwjgl-openal-3.3.1.jar;C:\Users\kirko\.gradle\caches\modules-2\files-2.1\org.lwjgl\lwjgl-openal\3.3.1\30a474d0e57193d7bc128849a3ab66bc9316fdb1\lwjgl-openal-3.3.1-natives-windows.jar;C:\Users\kirko\.gradle\caches\modules-2\files-2.1\or
Launcher Type: SUN_STANDARD

[Global flags]
     intx CICompilerCount                          = 4                                         {product} {ergonomic}
     uint ConcGCThreads                            = 3                                         {product} {ergonomic}
     uint G1ConcRefinementThreads                  = 10                                        {product} {ergonomic}
   size_t G1HeapRegionSize                         = 1048576                                   {product} {ergonomic}
    uintx GCDrainStackTargetSize                   = 64                                        {product} {ergonomic}
   size_t InitialHeapSize                          = 123731968                                 {product} {ergonomic}
   size_t MarkStackSize                            = 4194304                                   {product} {ergonomic}
   size_t MaxHeapSize                              = 1977614336                                {product} {ergonomic}
   size_t MaxNewSize                               = 1185939456                                {product} {ergonomic}
   size_t MinHeapDeltaBytes                        = 1048576                                   {product} {ergonomic}
    uintx NonNMethodCodeHeapSize                   = 5836300                                {pd product} {ergonomic}
    uintx NonProfiledCodeHeapSize                  = 122910970                              {pd product} {ergonomic}
    uintx ProfiledCodeHeapSize                     = 122910970                              {pd product} {ergonomic}
    uintx ReservedCodeCacheSize                    = 251658240                              {pd product} {ergonomic}
     bool SegmentedCodeCache                       = true                                      {product} {ergonomic}
     bool UseCompressedClassPointers               = true                                 {lp64_product} {ergonomic}
     bool UseCompressedOops                        = true                                 {lp64_product} {ergonomic}
     bool UseG1GC                                  = true                                      {product} {ergonomic}
     bool UseLargePagesIndividualAllocation        = false                                  {pd product} {ergonomic}

Logging:
Log output configuration:
 #0: stdout all=warning uptime,level,tags
 #1: stderr all=off uptime,level,tags

Environment Variables:
PATH=C:\Program Files\Common Files\Oracle\Java\javapath;C:\Program Files (x86)\Common Files\Oracle\Java\javapath;C:\WINDOWS\system32;C:\WINDOWS;C:\WINDOWS\System32\Wbem;C:\WINDOWS\System32\WindowsPowerShell\v1.0\;C:\WINDOWS\System32\OpenSSH\;C:\Program Files\NVIDIA Corporation\NVIDIA NvDLISR;C:\Program Files (x86)\NVIDIA Corporation\PhysX\Common;C:\Program Files\Git\cmd;C:\Users\kirko\AppData\Local\Programs\Python\Python310\Scripts\;C:\Users\kirko\AppData\Local\Programs\Python\Python310\;C:\Users\kirko\AppData\Local\Microsoft\WindowsApps;;C:\Program Files\JetBrains\IntelliJ IDEA Community Edition 2021.3.2\bin;;C:\Users\kirko\AppData\Local\Programs\Microsoft VS Code\bin
USERNAME=kirko
OS=Windows_NT
PROCESSOR_IDENTIFIER=AMD64 Family 23 Model 96 Stepping 1, AuthenticAMD



---------------  S Y S T E M  ---------------

OS: Windows 10 , 64 bit Build 19041 (10.0.19041.1645)

CPU:total 12 (initial active 12) (12 cores per cpu, 2 threads per core) family 23 model 96 stepping 1 microcode 0x0, cmov, cx8, fxsr, mmx, sse, sse2, sse3, ssse3, sse4.1, sse4.2, popcnt, avx, avx2, aes, clmul, mmxext, 3dnowpref, lzcnt, sse4a, ht, tsc, tscinvbit, tscinv, bmi1, bmi2, adx, 

Memory: 4k page, system-wide physical 7541M (631M free)
TotalPageFile size 17781M (AvailPageFile size 6966M)
current process WorkingSet (physical memory assigned to process): 59M, peak: 59M
current process commit charge ("private bytes"): 210M, peak: 210M

vm_info: Java HotSpot(TM) 64-Bit Server VM (11.0.13+10-LTS-370) for windows-amd64 JRE (11.0.13+10-LTS-370), built on Sep 15 2021 22:10:36 by "mach5one" with MS VC++ 15.9 (VS2017)

END.
