#
# A fatal error has been detected by the Java Runtime Environment:
#
#  EXCEPTION_ACCESS_VIOLATION (0xc0000005) at pc=0x00007ff976dbc42a, pid=2056, tid=16984
#
# JRE version: Java(TM) SE Runtime Environment 18.9 (11.0.13+10) (build 11.0.13+10-LTS-370)
# Java VM: Java HotSpot(TM) 64-Bit Server VM 18.9 (11.0.13+10-LTS-370, mixed mode, tiered, compressed oops, g1 gc, windows-amd64)
# Problematic frame:
# C  [lwjgl_opengl.dll+0xc42a]
#
# No core dump will be written. Minidumps are not enabled by default on client versions of Windows
#
# If you would like to submit a bug report, please visit:
#   https://bugreport.java.com/bugreport/crash.jsp
# The crash happened outside the Java Virtual Machine in native code.
# See problematic frame for where to report the bug.
#

---------------  S U M M A R Y ------------

Command Line: -Dfile.encoding=windows-1251 -Duser.country=RU -Duser.language=ru -Duser.variant org.game.Game

Host: AMD Ryzen 5 4600H with Radeon Graphics         , 12 cores, 7G,  Windows 10 , 64 bit Build 19041 (10.0.19041.1645)
Time: Fri Apr 22 12:28:09 2022 RTZ 2 (зима) elapsed time: 0.863883 seconds (0d 0h 0m 0s)

---------------  T H R E A D  ---------------

Current thread (0x000001ce6657a000):  JavaThread "main" [_thread_in_native, id=16984, stack(0x0000001081500000,0x0000001081600000)]

Stack: [0x0000001081500000,0x0000001081600000],  sp=0x00000010815fefc8,  free space=1019k
Native frames: (J=compiled Java code, j=interpreted, Vv=VM code, C=native code)
C  [lwjgl_opengl.dll+0xc42a]

Java frames: (J=compiled Java code, j=interpreted, Vv=VM code)
j  org.lwjgl.opengl.GL11C.glEnable(I)V+0
j  org.lwjgl.opengl.GL11.glEnable(I)V+1
j  org.game.Game.init()V+207
j  org.game.Game.run()V+15
j  org.game.Game.main([Ljava/lang/String;)V+56
v  ~StubRoutines::call_stub

siginfo: EXCEPTION_ACCESS_VIOLATION (0xc0000005), reading address 0x0000000000000000


Register to memory mapping:

RIP=0x00007ff976dbc42a lwjgl_opengl.dll
RAX=0x000001ce0528e600 points into unknown readable memory: 0x0000000000000000 | 00 00 00 00 00 00 00 00
RBX={method} {0x000001ce10203950} 'glEnable' '(I)V' in 'org/lwjgl/opengl/GL11C'
RCX=0x0000000000000de1 is an unknown value
RDX=0x0 is NULL
RSP=0x00000010815fefc8 is pointing into the stack for thread: 0x000001ce6657a000
RBP=0x00000010815ff040 is pointing into the stack for thread: 0x000001ce6657a000
RSI=0x000001ce047f6708 is pointing into metadata
RDI=0x000001ce6dbba0c3 is at code_begin+2307 in an Interpreter codelet
invoke return entry points  [0x000001ce6dbb97c0, 0x000001ce6dbba1a0]  2528 bytes
R8 =0x0000000000000de1 is an unknown value
R9 =0x0000000000000002 is an unknown value
R10=0x000001ce6dbbf2a8 is at code_begin+1000 in an Interpreter codelet
method entry point (kind = native)  [0x000001ce6dbbeec0, 0x000001ce6dbbf960]  2720 bytes
R11=0x0000000090d275f0 is an oop: java.lang.Class 
{0x0000000090d275f0} - klass: 'java/lang/Class'
R12=0x0 is NULL
R13=0x000001ce10203940 is pointing into metadata
R14=0x00000010815ff060 is pointing into the stack for thread: 0x000001ce6657a000
R15=0x000001ce6657a000 is a thread


Registers:
RAX=0x000001ce0528e600, RBX=0x000001ce10203948, RCX=0x0000000000000de1, RDX=0x0000000000000000
RSP=0x00000010815fefc8, RBP=0x00000010815ff040, RSI=0x000001ce047f6708, RDI=0x000001ce6dbba0c3
R8 =0x0000000000000de1, R9 =0x0000000000000002, R10=0x000001ce6dbbf2a8, R11=0x0000000090d275f0
R12=0x0000000000000000, R13=0x000001ce10203940, R14=0x00000010815ff060, R15=0x000001ce6657a000
RIP=0x00007ff976dbc42a, EFLAGS=0x0000000000010206

Top of Stack: (sp=0x00000010815fefc8)
0x00000010815fefc8:   000001ce6dbbf2d7 000001ce10203948
0x00000010815fefd8:   00000010815ff040 000001ce047f6708
0x00000010815fefe8:   00000010815ff050 000001ce6dbbef76
0x00000010815feff8:   00000010815feff8 000001ce10203940
0x00000010815ff008:   00000010815ff060 000001ce1020ec38
0x00000010815ff018:   0000000000000000 0000000090d275f0
0x00000010815ff028:   000001ce10203948 0000000000000000
0x00000010815ff038:   00000010815ff060 00000010815ff0b0
0x00000010815ff048:   000001ce6dbba0c3 0000000090d275f0
0x00000010815ff058:   000001ce6dbbc298 0000000000000de1
0x00000010815ff068:   00000010815ff068 000001ce04bb9749
0x00000010815ff078:   00000010815ff0c0 000001ce101f4568
0x00000010815ff088:   0000000000000000 0000000090e69948
0x00000010815ff098:   000001ce04bb9770 00000010815ff060
0x00000010815ff0a8:   00000010815ff0c0 00000010815ff110
0x00000010815ff0b8:   000001ce6dbba0c3 0000000000000de1 

Instructions: (pc=0x00007ff976dbc42a)
0x00007ff976dbc40a:   18 5b 49 ff a2 70 0a 00 00 cc cc cc cc cc cc cc
0x00007ff976dbc41a:   cc cc cc cc cc cc 48 8b 01 41 8b c8 48 8b 50 18
0x00007ff976dbc42a:   48 ff 22 cc cc cc 48 8b 01 41 8b c8 48 8b 50 18
0x00007ff976dbc43a:   48 ff 62 08 cc cc 48 8b 01 41 8b d1 41 8b c8 4c 


Stack slot to memory mapping:
stack at sp + 0 slots: 0x000001ce6dbbf2d7 is at code_begin+1047 in an Interpreter codelet
method entry point (kind = native)  [0x000001ce6dbbeec0, 0x000001ce6dbbf960]  2720 bytes
stack at sp + 1 slots: {method} {0x000001ce10203950} 'glEnable' '(I)V' in 'org/lwjgl/opengl/GL11C'
stack at sp + 2 slots: 0x00000010815ff040 is pointing into the stack for thread: 0x000001ce6657a000
stack at sp + 3 slots: 0x000001ce047f6708 is pointing into metadata
stack at sp + 4 slots: 0x00000010815ff050 is pointing into the stack for thread: 0x000001ce6657a000
stack at sp + 5 slots: 0x000001ce6dbbef76 is at code_begin+182 in an Interpreter codelet
method entry point (kind = native)  [0x000001ce6dbbeec0, 0x000001ce6dbbf960]  2720 bytes
stack at sp + 6 slots: 0x00000010815feff8 is pointing into the stack for thread: 0x000001ce6657a000
stack at sp + 7 slots: 0x000001ce10203940 is pointing into metadata


---------------  P R O C E S S  ---------------

Threads class SMR info:
_java_thread_list=0x000001ce04e94d20, length=11, elements={
0x000001ce6657a000, 0x000001ce04357000, 0x000001ce04358800, 0x000001ce04d13000,
0x000001ce04395000, 0x000001ce04395800, 0x000001ce04398800, 0x000001ce043a3000,
0x000001ce043a7000, 0x000001ce04e8a000, 0x000001ce05012000
}

Java Threads: ( => current thread )
=>0x000001ce6657a000 JavaThread "main" [_thread_in_native, id=16984, stack(0x0000001081500000,0x0000001081600000)]
  0x000001ce04357000 JavaThread "Reference Handler" daemon [_thread_blocked, id=13640, stack(0x0000001081c00000,0x0000001081d00000)]
  0x000001ce04358800 JavaThread "Finalizer" daemon [_thread_blocked, id=3512, stack(0x0000001081d00000,0x0000001081e00000)]
  0x000001ce04d13000 JavaThread "Signal Dispatcher" daemon [_thread_blocked, id=1148, stack(0x0000001081e00000,0x0000001081f00000)]
  0x000001ce04395000 JavaThread "Attach Listener" daemon [_thread_blocked, id=5556, stack(0x0000001081f00000,0x0000001082000000)]
  0x000001ce04395800 JavaThread "Service Thread" daemon [_thread_blocked, id=18408, stack(0x0000001082000000,0x0000001082100000)]
  0x000001ce04398800 JavaThread "C2 CompilerThread0" daemon [_thread_blocked, id=2588, stack(0x0000001082100000,0x0000001082200000)]
  0x000001ce043a3000 JavaThread "C1 CompilerThread0" daemon [_thread_blocked, id=3996, stack(0x0000001082200000,0x0000001082300000)]
  0x000001ce043a7000 JavaThread "Sweeper thread" daemon [_thread_blocked, id=13700, stack(0x0000001082300000,0x0000001082400000)]
  0x000001ce04e8a000 JavaThread "Common-Cleaner" daemon [_thread_blocked, id=4604, stack(0x0000001082500000,0x0000001082600000)]
  0x000001ce05012000 JavaThread "Thread-0" [_thread_in_Java, id=14388, stack(0x0000001082600000,0x0000001082700000)]

Other Threads:
  0x000001ce04355000 VMThread "VM Thread" [stack: 0x0000001081b00000,0x0000001081c00000] [id=1188]
  0x000001ce04e88000 WatcherThread [stack: 0x0000001082400000,0x0000001082500000] [id=16000]
  0x000001ce6658f800 GCTaskThread "GC Thread#0" [stack: 0x0000001081600000,0x0000001081700000] [id=17500]
  0x000001ce665bf000 ConcurrentGCThread "G1 Main Marker" [stack: 0x0000001081700000,0x0000001081800000] [id=9860]
  0x000001ce665c1000 ConcurrentGCThread "G1 Conc#0" [stack: 0x0000001081800000,0x0000001081900000] [id=15772]
  0x000001ce66659800 ConcurrentGCThread "G1 Refine#0" [stack: 0x0000001081900000,0x0000001081a00000] [id=18424]
  0x000001ce6665a800 ConcurrentGCThread "G1 Young RemSet Sampling" [stack: 0x0000001081a00000,0x0000001081b00000] [id=15252]

Threads with active compile tasks:

VM state:not at safepoint (normal execution)

VM Mutex/Monitor currently owned by a thread: None

Heap address: 0x000000008a200000, size: 1886 MB, Compressed Oops mode: 32-bit
Narrow klass base: 0x0000000000000000, Narrow klass shift: 3
Compressed class space size: 1073741824 Address: 0x0000000100000000

Heap:
 garbage-first heap   total 120832K, used 9216K [0x000000008a200000, 0x0000000100000000)
  region size 1024K, 11 young (11264K), 0 survivors (0K)
 Metaspace       used 9031K, capacity 9230K, committed 9344K, reserved 1058816K
  class space    used 746K, capacity 827K, committed 896K, reserved 1048576K
Heap Regions: E=young(eden), S=young(survivor), O=old, HS=humongous(starts), HC=humongous(continues), CS=collection set, F=free, A=archive, TAMS=top-at-mark-start (previous, next)
|   0|0x000000008a200000, 0x000000008a200000, 0x000000008a300000|  0%| F|  |TAMS 0x000000008a200000, 0x000000008a200000| Untracked 
|   1|0x000000008a300000, 0x000000008a300000, 0x000000008a400000|  0%| F|  |TAMS 0x000000008a300000, 0x000000008a300000| Untracked 
|   2|0x000000008a400000, 0x000000008a400000, 0x000000008a500000|  0%| F|  |TAMS 0x000000008a400000, 0x000000008a400000| Untracked 
|   3|0x000000008a500000, 0x000000008a500000, 0x000000008a600000|  0%| F|  |TAMS 0x000000008a500000, 0x000000008a500000| Untracked 
|   4|0x000000008a600000, 0x000000008a600000, 0x000000008a700000|  0%| F|  |TAMS 0x000000008a600000, 0x000000008a600000| Untracked 
|   5|0x000000008a700000, 0x000000008a700000, 0x000000008a800000|  0%| F|  |TAMS 0x000000008a700000, 0x000000008a700000| Untracked 
|   6|0x000000008a800000, 0x000000008a800000, 0x000000008a900000|  0%| F|  |TAMS 0x000000008a800000, 0x000000008a800000| Untracked 
|   7|0x000000008a900000, 0x000000008a900000, 0x000000008aa00000|  0%| F|  |TAMS 0x000000008a900000, 0x000000008a900000| Untracked 
|   8|0x000000008aa00000, 0x000000008aa00000, 0x000000008ab00000|  0%| F|  |TAMS 0x000000008aa00000, 0x000000008aa00000| Untracked 
|   9|0x000000008ab00000, 0x000000008ab00000, 0x000000008ac00000|  0%| F|  |TAMS 0x000000008ab00000, 0x000000008ab00000| Untracked 
|  10|0x000000008ac00000, 0x000000008ac00000, 0x000000008ad00000|  0%| F|  |TAMS 0x000000008ac00000, 0x000000008ac00000| Untracked 
|  11|0x000000008ad00000, 0x000000008ad00000, 0x000000008ae00000|  0%| F|  |TAMS 0x000000008ad00000, 0x000000008ad00000| Untracked 
|  12|0x000000008ae00000, 0x000000008ae00000, 0x000000008af00000|  0%| F|  |TAMS 0x000000008ae00000, 0x000000008ae00000| Untracked 
|  13|0x000000008af00000, 0x000000008af00000, 0x000000008b000000|  0%| F|  |TAMS 0x000000008af00000, 0x000000008af00000| Untracked 
|  14|0x000000008b000000, 0x000000008b000000, 0x000000008b100000|  0%| F|  |TAMS 0x000000008b000000, 0x000000008b000000| Untracked 
|  15|0x000000008b100000, 0x000000008b100000, 0x000000008b200000|  0%| F|  |TAMS 0x000000008b100000, 0x000000008b100000| Untracked 
|  16|0x000000008b200000, 0x000000008b200000, 0x000000008b300000|  0%| F|  |TAMS 0x000000008b200000, 0x000000008b200000| Untracked 
|  17|0x000000008b300000, 0x000000008b300000, 0x000000008b400000|  0%| F|  |TAMS 0x000000008b300000, 0x000000008b300000| Untracked 
|  18|0x000000008b400000, 0x000000008b400000, 0x000000008b500000|  0%| F|  |TAMS 0x000000008b400000, 0x000000008b400000| Untracked 
|  19|0x000000008b500000, 0x000000008b500000, 0x000000008b600000|  0%| F|  |TAMS 0x000000008b500000, 0x000000008b500000| Untracked 
|  20|0x000000008b600000, 0x000000008b600000, 0x000000008b700000|  0%| F|  |TAMS 0x000000008b600000, 0x000000008b600000| Untracked 
|  21|0x000000008b700000, 0x000000008b700000, 0x000000008b800000|  0%| F|  |TAMS 0x000000008b700000, 0x000000008b700000| Untracked 
|  22|0x000000008b800000, 0x000000008b800000, 0x000000008b900000|  0%| F|  |TAMS 0x000000008b800000, 0x000000008b800000| Untracked 
|  23|0x000000008b900000, 0x000000008b900000, 0x000000008ba00000|  0%| F|  |TAMS 0x000000008b900000, 0x000000008b900000| Untracked 
|  24|0x000000008ba00000, 0x000000008ba00000, 0x000000008bb00000|  0%| F|  |TAMS 0x000000008ba00000, 0x000000008ba00000| Untracked 
|  25|0x000000008bb00000, 0x000000008bb00000, 0x000000008bc00000|  0%| F|  |TAMS 0x000000008bb00000, 0x000000008bb00000| Untracked 
|  26|0x000000008bc00000, 0x000000008bc00000, 0x000000008bd00000|  0%| F|  |TAMS 0x000000008bc00000, 0x000000008bc00000| Untracked 
|  27|0x000000008bd00000, 0x000000008bd00000, 0x000000008be00000|  0%| F|  |TAMS 0x000000008bd00000, 0x000000008bd00000| Untracked 
|  28|0x000000008be00000, 0x000000008be00000, 0x000000008bf00000|  0%| F|  |TAMS 0x000000008be00000, 0x000000008be00000| Untracked 
|  29|0x000000008bf00000, 0x000000008bf00000, 0x000000008c000000|  0%| F|  |TAMS 0x000000008bf00000, 0x000000008bf00000| Untracked 
|  30|0x000000008c000000, 0x000000008c000000, 0x000000008c100000|  0%| F|  |TAMS 0x000000008c000000, 0x000000008c000000| Untracked 
|  31|0x000000008c100000, 0x000000008c100000, 0x000000008c200000|  0%| F|  |TAMS 0x000000008c100000, 0x000000008c100000| Untracked 
|  32|0x000000008c200000, 0x000000008c200000, 0x000000008c300000|  0%| F|  |TAMS 0x000000008c200000, 0x000000008c200000| Untracked 
|  33|0x000000008c300000, 0x000000008c300000, 0x000000008c400000|  0%| F|  |TAMS 0x000000008c300000, 0x000000008c300000| Untracked 
|  34|0x000000008c400000, 0x000000008c400000, 0x000000008c500000|  0%| F|  |TAMS 0x000000008c400000, 0x000000008c400000| Untracked 
|  35|0x000000008c500000, 0x000000008c500000, 0x000000008c600000|  0%| F|  |TAMS 0x000000008c500000, 0x000000008c500000| Untracked 
|  36|0x000000008c600000, 0x000000008c600000, 0x000000008c700000|  0%| F|  |TAMS 0x000000008c600000, 0x000000008c600000| Untracked 
|  37|0x000000008c700000, 0x000000008c700000, 0x000000008c800000|  0%| F|  |TAMS 0x000000008c700000, 0x000000008c700000| Untracked 
|  38|0x000000008c800000, 0x000000008c800000, 0x000000008c900000|  0%| F|  |TAMS 0x000000008c800000, 0x000000008c800000| Untracked 
|  39|0x000000008c900000, 0x000000008c900000, 0x000000008ca00000|  0%| F|  |TAMS 0x000000008c900000, 0x000000008c900000| Untracked 
|  40|0x000000008ca00000, 0x000000008ca00000, 0x000000008cb00000|  0%| F|  |TAMS 0x000000008ca00000, 0x000000008ca00000| Untracked 
|  41|0x000000008cb00000, 0x000000008cb00000, 0x000000008cc00000|  0%| F|  |TAMS 0x000000008cb00000, 0x000000008cb00000| Untracked 
|  42|0x000000008cc00000, 0x000000008cc00000, 0x000000008cd00000|  0%| F|  |TAMS 0x000000008cc00000, 0x000000008cc00000| Untracked 
|  43|0x000000008cd00000, 0x000000008cd00000, 0x000000008ce00000|  0%| F|  |TAMS 0x000000008cd00000, 0x000000008cd00000| Untracked 
|  44|0x000000008ce00000, 0x000000008ce00000, 0x000000008cf00000|  0%| F|  |TAMS 0x000000008ce00000, 0x000000008ce00000| Untracked 
|  45|0x000000008cf00000, 0x000000008cf00000, 0x000000008d000000|  0%| F|  |TAMS 0x000000008cf00000, 0x000000008cf00000| Untracked 
|  46|0x000000008d000000, 0x000000008d000000, 0x000000008d100000|  0%| F|  |TAMS 0x000000008d000000, 0x000000008d000000| Untracked 
|  47|0x000000008d100000, 0x000000008d100000, 0x000000008d200000|  0%| F|  |TAMS 0x000000008d100000, 0x000000008d100000| Untracked 
|  48|0x000000008d200000, 0x000000008d200000, 0x000000008d300000|  0%| F|  |TAMS 0x000000008d200000, 0x000000008d200000| Untracked 
|  49|0x000000008d300000, 0x000000008d300000, 0x000000008d400000|  0%| F|  |TAMS 0x000000008d300000, 0x000000008d300000| Untracked 
|  50|0x000000008d400000, 0x000000008d400000, 0x000000008d500000|  0%| F|  |TAMS 0x000000008d400000, 0x000000008d400000| Untracked 
|  51|0x000000008d500000, 0x000000008d500000, 0x000000008d600000|  0%| F|  |TAMS 0x000000008d500000, 0x000000008d500000| Untracked 
|  52|0x000000008d600000, 0x000000008d600000, 0x000000008d700000|  0%| F|  |TAMS 0x000000008d600000, 0x000000008d600000| Untracked 
|  53|0x000000008d700000, 0x000000008d700000, 0x000000008d800000|  0%| F|  |TAMS 0x000000008d700000, 0x000000008d700000| Untracked 
|  54|0x000000008d800000, 0x000000008d800000, 0x000000008d900000|  0%| F|  |TAMS 0x000000008d800000, 0x000000008d800000| Untracked 
|  55|0x000000008d900000, 0x000000008d900000, 0x000000008da00000|  0%| F|  |TAMS 0x000000008d900000, 0x000000008d900000| Untracked 
|  56|0x000000008da00000, 0x000000008da00000, 0x000000008db00000|  0%| F|  |TAMS 0x000000008da00000, 0x000000008da00000| Untracked 
|  57|0x000000008db00000, 0x000000008db00000, 0x000000008dc00000|  0%| F|  |TAMS 0x000000008db00000, 0x000000008db00000| Untracked 
|  58|0x000000008dc00000, 0x000000008dc00000, 0x000000008dd00000|  0%| F|  |TAMS 0x000000008dc00000, 0x000000008dc00000| Untracked 
|  59|0x000000008dd00000, 0x000000008dd00000, 0x000000008de00000|  0%| F|  |TAMS 0x000000008dd00000, 0x000000008dd00000| Untracked 
|  60|0x000000008de00000, 0x000000008de00000, 0x000000008df00000|  0%| F|  |TAMS 0x000000008de00000, 0x000000008de00000| Untracked 
|  61|0x000000008df00000, 0x000000008df00000, 0x000000008e000000|  0%| F|  |TAMS 0x000000008df00000, 0x000000008df00000| Untracked 
|  62|0x000000008e000000, 0x000000008e000000, 0x000000008e100000|  0%| F|  |TAMS 0x000000008e000000, 0x000000008e000000| Untracked 
|  63|0x000000008e100000, 0x000000008e100000, 0x000000008e200000|  0%| F|  |TAMS 0x000000008e100000, 0x000000008e100000| Untracked 
|  64|0x000000008e200000, 0x000000008e200000, 0x000000008e300000|  0%| F|  |TAMS 0x000000008e200000, 0x000000008e200000| Untracked 
|  65|0x000000008e300000, 0x000000008e300000, 0x000000008e400000|  0%| F|  |TAMS 0x000000008e300000, 0x000000008e300000| Untracked 
|  66|0x000000008e400000, 0x000000008e400000, 0x000000008e500000|  0%| F|  |TAMS 0x000000008e400000, 0x000000008e400000| Untracked 
|  67|0x000000008e500000, 0x000000008e500000, 0x000000008e600000|  0%| F|  |TAMS 0x000000008e500000, 0x000000008e500000| Untracked 
|  68|0x000000008e600000, 0x000000008e600000, 0x000000008e700000|  0%| F|  |TAMS 0x000000008e600000, 0x000000008e600000| Untracked 
|  69|0x000000008e700000, 0x000000008e700000, 0x000000008e800000|  0%| F|  |TAMS 0x000000008e700000, 0x000000008e700000| Untracked 
|  70|0x000000008e800000, 0x000000008e800000, 0x000000008e900000|  0%| F|  |TAMS 0x000000008e800000, 0x000000008e800000| Untracked 
|  71|0x000000008e900000, 0x000000008e900000, 0x000000008ea00000|  0%| F|  |TAMS 0x000000008e900000, 0x000000008e900000| Untracked 
|  72|0x000000008ea00000, 0x000000008ea00000, 0x000000008eb00000|  0%| F|  |TAMS 0x000000008ea00000, 0x000000008ea00000| Untracked 
|  73|0x000000008eb00000, 0x000000008eb00000, 0x000000008ec00000|  0%| F|  |TAMS 0x000000008eb00000, 0x000000008eb00000| Untracked 
|  74|0x000000008ec00000, 0x000000008ec00000, 0x000000008ed00000|  0%| F|  |TAMS 0x000000008ec00000, 0x000000008ec00000| Untracked 
|  75|0x000000008ed00000, 0x000000008ed00000, 0x000000008ee00000|  0%| F|  |TAMS 0x000000008ed00000, 0x000000008ed00000| Untracked 
|  76|0x000000008ee00000, 0x000000008ee00000, 0x000000008ef00000|  0%| F|  |TAMS 0x000000008ee00000, 0x000000008ee00000| Untracked 
|  77|0x000000008ef00000, 0x000000008ef00000, 0x000000008f000000|  0%| F|  |TAMS 0x000000008ef00000, 0x000000008ef00000| Untracked 
|  78|0x000000008f000000, 0x000000008f000000, 0x000000008f100000|  0%| F|  |TAMS 0x000000008f000000, 0x000000008f000000| Untracked 
|  79|0x000000008f100000, 0x000000008f100000, 0x000000008f200000|  0%| F|  |TAMS 0x000000008f100000, 0x000000008f100000| Untracked 
|  80|0x000000008f200000, 0x000000008f200000, 0x000000008f300000|  0%| F|  |TAMS 0x000000008f200000, 0x000000008f200000| Untracked 
|  81|0x000000008f300000, 0x000000008f300000, 0x000000008f400000|  0%| F|  |TAMS 0x000000008f300000, 0x000000008f300000| Untracked 
|  82|0x000000008f400000, 0x000000008f400000, 0x000000008f500000|  0%| F|  |TAMS 0x000000008f400000, 0x000000008f400000| Untracked 
|  83|0x000000008f500000, 0x000000008f500000, 0x000000008f600000|  0%| F|  |TAMS 0x000000008f500000, 0x000000008f500000| Untracked 
|  84|0x000000008f600000, 0x000000008f600000, 0x000000008f700000|  0%| F|  |TAMS 0x000000008f600000, 0x000000008f600000| Untracked 
|  85|0x000000008f700000, 0x000000008f700000, 0x000000008f800000|  0%| F|  |TAMS 0x000000008f700000, 0x000000008f700000| Untracked 
|  86|0x000000008f800000, 0x000000008f800000, 0x000000008f900000|  0%| F|  |TAMS 0x000000008f800000, 0x000000008f800000| Untracked 
|  87|0x000000008f900000, 0x000000008f900000, 0x000000008fa00000|  0%| F|  |TAMS 0x000000008f900000, 0x000000008f900000| Untracked 
|  88|0x000000008fa00000, 0x000000008fa00000, 0x000000008fb00000|  0%| F|  |TAMS 0x000000008fa00000, 0x000000008fa00000| Untracked 
|  89|0x000000008fb00000, 0x000000008fb00000, 0x000000008fc00000|  0%| F|  |TAMS 0x000000008fb00000, 0x000000008fb00000| Untracked 
|  90|0x000000008fc00000, 0x000000008fc00000, 0x000000008fd00000|  0%| F|  |TAMS 0x000000008fc00000, 0x000000008fc00000| Untracked 
|  91|0x000000008fd00000, 0x000000008fd00000, 0x000000008fe00000|  0%| F|  |TAMS 0x000000008fd00000, 0x000000008fd00000| Untracked 
|  92|0x000000008fe00000, 0x000000008fe00000, 0x000000008ff00000|  0%| F|  |TAMS 0x000000008fe00000, 0x000000008fe00000| Untracked 
|  93|0x000000008ff00000, 0x000000008ff00000, 0x0000000090000000|  0%| F|  |TAMS 0x000000008ff00000, 0x000000008ff00000| Untracked 
|  94|0x0000000090000000, 0x0000000090000000, 0x0000000090100000|  0%| F|  |TAMS 0x0000000090000000, 0x0000000090000000| Untracked 
|  95|0x0000000090100000, 0x0000000090100000, 0x0000000090200000|  0%| F|  |TAMS 0x0000000090100000, 0x0000000090100000| Untracked 
|  96|0x0000000090200000, 0x0000000090200000, 0x0000000090300000|  0%| F|  |TAMS 0x0000000090200000, 0x0000000090200000| Untracked 
|  97|0x0000000090300000, 0x0000000090300000, 0x0000000090400000|  0%| F|  |TAMS 0x0000000090300000, 0x0000000090300000| Untracked 
|  98|0x0000000090400000, 0x0000000090400000, 0x0000000090500000|  0%| F|  |TAMS 0x0000000090400000, 0x0000000090400000| Untracked 
|  99|0x0000000090500000, 0x0000000090500000, 0x0000000090600000|  0%| F|  |TAMS 0x0000000090500000, 0x0000000090500000| Untracked 
| 100|0x0000000090600000, 0x0000000090600000, 0x0000000090700000|  0%| F|  |TAMS 0x0000000090600000, 0x0000000090600000| Untracked 
| 101|0x0000000090700000, 0x0000000090700000, 0x0000000090800000|  0%| F|  |TAMS 0x0000000090700000, 0x0000000090700000| Untracked 
| 102|0x0000000090800000, 0x0000000090800000, 0x0000000090900000|  0%| F|  |TAMS 0x0000000090800000, 0x0000000090800000| Untracked 
| 103|0x0000000090900000, 0x0000000090900000, 0x0000000090a00000|  0%| F|  |TAMS 0x0000000090900000, 0x0000000090900000| Untracked 
| 104|0x0000000090a00000, 0x0000000090a00000, 0x0000000090b00000|  0%| F|  |TAMS 0x0000000090a00000, 0x0000000090a00000| Untracked 
| 105|0x0000000090b00000, 0x0000000090b00000, 0x0000000090c00000|  0%| F|  |TAMS 0x0000000090b00000, 0x0000000090b00000| Untracked 
| 106|0x0000000090c00000, 0x0000000090c00000, 0x0000000090d00000|  0%| F|  |TAMS 0x0000000090c00000, 0x0000000090c00000| Untracked 
| 107|0x0000000090d00000, 0x0000000090d7b628, 0x0000000090e00000| 48%| E|  |TAMS 0x0000000090d00000, 0x0000000090d00000| Complete 
| 108|0x0000000090e00000, 0x0000000090f00000, 0x0000000090f00000|100%| E|CS|TAMS 0x0000000090e00000, 0x0000000090e00000| Complete 
| 109|0x0000000090f00000, 0x0000000091000000, 0x0000000091000000|100%| E|CS|TAMS 0x0000000090f00000, 0x0000000090f00000| Complete 
| 110|0x0000000091000000, 0x0000000091100000, 0x0000000091100000|100%| E|CS|TAMS 0x0000000091000000, 0x0000000091000000| Complete 
| 111|0x0000000091100000, 0x0000000091200000, 0x0000000091200000|100%| E|CS|TAMS 0x0000000091100000, 0x0000000091100000| Complete 
| 112|0x0000000091200000, 0x0000000091300000, 0x0000000091300000|100%| E|CS|TAMS 0x0000000091200000, 0x0000000091200000| Complete 
| 113|0x0000000091300000, 0x0000000091400000, 0x0000000091400000|100%| E|CS|TAMS 0x0000000091300000, 0x0000000091300000| Complete 
| 114|0x0000000091400000, 0x0000000091500000, 0x0000000091500000|100%| E|CS|TAMS 0x0000000091400000, 0x0000000091400000| Complete 
| 115|0x0000000091500000, 0x0000000091600000, 0x0000000091600000|100%| E|CS|TAMS 0x0000000091500000, 0x0000000091500000| Complete 
| 116|0x0000000091600000, 0x0000000091700000, 0x0000000091700000|100%| E|  |TAMS 0x0000000091600000, 0x0000000091600000| Complete 
| 117|0x0000000091700000, 0x0000000091800000, 0x0000000091800000|100%| E|CS|TAMS 0x0000000091700000, 0x0000000091700000| Complete 

Card table byte_map: [0x000001ce7d4b0000,0x000001ce7d860000] _byte_map_base: 0x000001ce7d05f000

Marking Bits (Prev, Next): (CMBitMap*) 0x000001ce665b68f8, (CMBitMap*) 0x000001ce665b6930
 Prev Bits: [0x000001ce7dc10000, 0x000001ce7f988000)
 Next Bits: [0x000001ce00000000, 0x000001ce01d78000)

Polling page: 0x000001ce64500000

Metaspace:

Usage:
  Non-class:      8.21 MB capacity,     8.09 MB ( 99%) used,   106.24 KB (  1%) free+waste,    11.44 KB ( <1%) overhead. 
      Class:    827.00 KB capacity,   746.02 KB ( 90%) used,    75.10 KB (  9%) free+waste,     5.88 KB ( <1%) overhead. 
       Both:      9.01 MB capacity,     8.82 MB ( 98%) used,   181.34 KB (  2%) free+waste,    17.31 KB ( <1%) overhead. 

Virtual space:
  Non-class space:       10.00 MB reserved,       8.25 MB ( 83%) committed 
      Class space:        1.00 GB reserved,     896.00 KB ( <1%) committed 
             Both:        1.01 GB reserved,       9.13 MB ( <1%) committed 

Chunk freelists:
   Non-Class:  5.63 KB
       Class:  640 bytes
        Both:  6.25 KB

CodeHeap 'non-profiled nmethods': size=120000Kb used=191Kb max_used=191Kb free=119808Kb
 bounds [0x000001ce75680000, 0x000001ce758f0000, 0x000001ce7cbb0000]
CodeHeap 'profiled nmethods': size=120000Kb used=1051Kb max_used=1051Kb free=118949Kb
 bounds [0x000001ce6e150000, 0x000001ce6e3c0000, 0x000001ce75680000]
CodeHeap 'non-nmethods': size=5760Kb used=1414Kb max_used=1426Kb free=4345Kb
 bounds [0x000001ce6dbb0000, 0x000001ce6de20000, 0x000001ce6e150000]
 total_blobs=1558 nmethods=655 adapters=815
 compilation: enabled
              stopped_count=0, restarted_count=0
 full_count=0

Compilation events (10 events):
Event: 0.856 Thread 0x000001ce04398800 nmethod 650 0x000001ce756aed90 code [0x000001ce756aef20, 0x000001ce756af178]
Event: 0.856 Thread 0x000001ce043a3000 nmethod 649 0x000001ce6e255f90 code [0x000001ce6e256140, 0x000001ce6e256408]
Event: 0.856 Thread 0x000001ce04398800  651       4       java.util.zip.ZipFile::ensureOpen (38 bytes)
Event: 0.856 Thread 0x000001ce043a3000  652       1       java.util.Formatter$Flags::valueOf (5 bytes)
Event: 0.856 Thread 0x000001ce043a3000 nmethod 652 0x000001ce756af310 code [0x000001ce756af4a0, 0x000001ce756af558]
Event: 0.857 Thread 0x000001ce043a3000  654       3       sun.misc.Unsafe::putLong (11 bytes)
Event: 0.857 Thread 0x000001ce043a3000 nmethod 654 0x000001ce6e256510 code [0x000001ce6e2566a0, 0x000001ce6e256798]
Event: 0.857 Thread 0x000001ce043a3000  655       3       org.lwjgl.system.MemoryUtil::memPutAddress (29 bytes)
Event: 0.857 Thread 0x000001ce043a3000 nmethod 655 0x000001ce6e256810 code [0x000001ce6e2569c0, 0x000001ce6e256b38]
Event: 0.857 Thread 0x000001ce04398800 nmethod 651 0x000001ce756afa10 code [0x000001ce756afb80, 0x000001ce756afc18]

GC Heap History (0 events):
No events

Deoptimization events (3 events):
Event: 0.085 Thread 0x000001ce6657a000 Uncommon trap: reason=unstable_if action=reinterpret pc=0x000001ce75684b1c method=java.lang.String.hashCode()I @ 14 c2
Event: 0.260 Thread 0x000001ce6657a000 Uncommon trap: reason=unstable_if action=reinterpret pc=0x000001ce7568a3e0 method=java.io.WinNTFileSystem.isSlash(C)Z @ 9 c2
Event: 0.286 Thread 0x000001ce6657a000 Uncommon trap: reason=unstable_if action=reinterpret pc=0x000001ce75681070 method=java.lang.String.isLatin1()Z @ 10 c2

Classes redefined (0 events):
No events

Internal exceptions (10 events):
Event: 0.306 Thread 0x000001ce6657a000 Exception <a 'java/security/PrivilegedActionException'{0x000000009105fca0}> (0x000000009105fca0) thrown at [./open/src/hotspot/share/prims/jvm.cpp, line 1305]
Event: 0.306 Thread 0x000001ce6657a000 Exception <a 'java/security/PrivilegedActionException'{0x000000009105ff70}> (0x000000009105ff70) thrown at [./open/src/hotspot/share/prims/jvm.cpp, line 1305]
Event: 0.306 Thread 0x000001ce6657a000 Exception <a 'java/security/PrivilegedActionException'{0x0000000091061db0}> (0x0000000091061db0) thrown at [./open/src/hotspot/share/prims/jvm.cpp, line 1305]
Event: 0.306 Thread 0x000001ce6657a000 Exception <a 'java/security/PrivilegedActionException'{0x0000000091062080}> (0x0000000091062080) thrown at [./open/src/hotspot/share/prims/jvm.cpp, line 1305]
Event: 0.336 Thread 0x000001ce6657a000 Exception <a 'sun/nio/fs/WindowsException'{0x0000000090fa1d18}> (0x0000000090fa1d18) thrown at [./open/src/hotspot/share/prims/jni.cpp, line 611]
Event: 0.336 Thread 0x000001ce6657a000 Exception <a 'sun/nio/fs/WindowsException'{0x0000000090fa2078}> (0x0000000090fa2078) thrown at [./open/src/hotspot/share/prims/jni.cpp, line 611]
Event: 0.851 Thread 0x000001ce6657a000 Exception <a 'sun/nio/fs/WindowsException'{0x0000000090ec9020}> (0x0000000090ec9020) thrown at [./open/src/hotspot/share/prims/jni.cpp, line 611]
Event: 0.851 Thread 0x000001ce6657a000 Exception <a 'sun/nio/fs/WindowsException'{0x0000000090ec93c8}> (0x0000000090ec93c8) thrown at [./open/src/hotspot/share/prims/jni.cpp, line 611]
Event: 0.855 Thread 0x000001ce6657a000 Exception <a 'sun/nio/fs/WindowsException'{0x0000000090ee6df0}> (0x0000000090ee6df0) thrown at [./open/src/hotspot/share/prims/jni.cpp, line 611]
Event: 0.855 Thread 0x000001ce6657a000 Exception <a 'sun/nio/fs/WindowsException'{0x0000000090ee70d0}> (0x0000000090ee70d0) thrown at [./open/src/hotspot/share/prims/jni.cpp, line 611]

Events (10 events):
Event: 0.844 loading class org/lwjgl/opengl/GL$ICDStatic
Event: 0.844 loading class org/lwjgl/opengl/GL$ICDStatic done
Event: 0.853 loading class org/lwjgl/opengl/GL$2
Event: 0.853 loading class org/lwjgl/opengl/GL$2 done
Event: 0.855 loading class org/lwjgl/opengl/GL$1
Event: 0.855 loading class org/lwjgl/opengl/GL$1 done
Event: 0.856 loading class org/lwjgl/system/SharedLibrary$Delegate
Event: 0.856 loading class org/lwjgl/system/SharedLibrary$Delegate done
Event: 0.857 loading class org/lwjgl/opengl/GL11C
Event: 0.857 loading class org/lwjgl/opengl/GL11C done


Dynamic libraries:
0x00007ff66ec20000 - 0x00007ff66ec2f000 	C:\Program Files\Java\jdk-11.0.13\bin\java.exe
0x00007ff9cddb0000 - 0x00007ff9cdfa5000 	C:\WINDOWS\SYSTEM32\ntdll.dll
0x00007ff9cdc10000 - 0x00007ff9cdcce000 	C:\WINDOWS\System32\KERNEL32.DLL
0x00007ff9cb820000 - 0x00007ff9cbae8000 	C:\WINDOWS\System32\KERNELBASE.dll
0x00007ff9cb5c0000 - 0x00007ff9cb6c0000 	C:\WINDOWS\System32\ucrtbase.dll
0x00007ff9a5a20000 - 0x00007ff9a5a38000 	C:\Program Files\Java\jdk-11.0.13\bin\jli.dll
0x00007ff9ad490000 - 0x00007ff9ad4a5000 	C:\Program Files\Java\jdk-11.0.13\bin\VCRUNTIME140.dll
0x00007ff9ccd50000 - 0x00007ff9ccdfe000 	C:\WINDOWS\System32\ADVAPI32.dll
0x00007ff9cdcd0000 - 0x00007ff9cdd6e000 	C:\WINDOWS\System32\msvcrt.dll
0x00007ff9cc280000 - 0x00007ff9cc31c000 	C:\WINDOWS\System32\sechost.dll
0x00007ff9cd3d0000 - 0x00007ff9cd4f5000 	C:\WINDOWS\System32\RPCRT4.dll
0x00007ff9cd560000 - 0x00007ff9cd700000 	C:\WINDOWS\System32\USER32.dll
0x00007ff9cbde0000 - 0x00007ff9cbe02000 	C:\WINDOWS\System32\win32u.dll
0x00007ff9b00a0000 - 0x00007ff9b033a000 	C:\WINDOWS\WinSxS\amd64_microsoft.windows.common-controls_6595b64144ccf1df_6.0.19041.1110_none_60b5254171f9507e\COMCTL32.dll
0x00007ff9ccbf0000 - 0x00007ff9ccc1a000 	C:\WINDOWS\System32\GDI32.dll
0x00007ff9cbc20000 - 0x00007ff9cbd2b000 	C:\WINDOWS\System32\gdi32full.dll
0x00007ff9cbaf0000 - 0x00007ff9cbb8d000 	C:\WINDOWS\System32\msvcp_win.dll
0x00007ff9c44d0000 - 0x00007ff9c44da000 	C:\WINDOWS\SYSTEM32\VERSION.dll
0x00007ff9cca70000 - 0x00007ff9ccaa0000 	C:\WINDOWS\System32\IMM32.DLL
0x00007ff97c880000 - 0x00007ff97c91b000 	C:\Program Files\Java\jdk-11.0.13\bin\msvcp140.dll
0x00007ff943620000 - 0x00007ff944133000 	C:\Program Files\Java\jdk-11.0.13\bin\server\jvm.dll
0x00007ff9cd2d0000 - 0x00007ff9cd2d8000 	C:\WINDOWS\System32\PSAPI.DLL
0x00007ff9c60e0000 - 0x00007ff9c60e9000 	C:\WINDOWS\SYSTEM32\WSOCK32.dll
0x00007ff9b5fd0000 - 0x00007ff9b5ff7000 	C:\WINDOWS\SYSTEM32\WINMM.dll
0x00007ff9cdba0000 - 0x00007ff9cdc0b000 	C:\WINDOWS\System32\WS2_32.dll
0x00007ff9c9310000 - 0x00007ff9c9322000 	C:\WINDOWS\SYSTEM32\kernel.appcore.dll
0x00007ff9af850000 - 0x00007ff9af860000 	C:\Program Files\Java\jdk-11.0.13\bin\verify.dll
0x00007ff9b9f00000 - 0x00007ff9ba0e4000 	C:\WINDOWS\SYSTEM32\DBGHELP.DLL
0x00007ff9b9ed0000 - 0x00007ff9b9efc000 	C:\WINDOWS\SYSTEM32\dbgcore.DLL
0x00007ff9cbb90000 - 0x00007ff9cbc12000 	C:\WINDOWS\System32\bcryptPrimitives.dll
0x00007ff99c630000 - 0x00007ff99c658000 	C:\Program Files\Java\jdk-11.0.13\bin\java.dll
0x00007ff9ab590000 - 0x00007ff9ab59a000 	C:\Program Files\Java\jdk-11.0.13\bin\jimage.dll
0x00007ff9a2a30000 - 0x00007ff9a2a46000 	C:\Program Files\Java\jdk-11.0.13\bin\zip.dll
0x00007ff9cc320000 - 0x00007ff9cca64000 	C:\WINDOWS\System32\SHELL32.dll
0x00007ff9c95f0000 - 0x00007ff9c9d84000 	C:\WINDOWS\SYSTEM32\windows.storage.dll
0x00007ff9cd7e0000 - 0x00007ff9cdb34000 	C:\WINDOWS\System32\combase.dll
0x00007ff9caed0000 - 0x00007ff9caefc000 	C:\WINDOWS\SYSTEM32\Wldp.dll
0x00007ff9cce00000 - 0x00007ff9ccead000 	C:\WINDOWS\System32\SHCORE.dll
0x00007ff9cd500000 - 0x00007ff9cd555000 	C:\WINDOWS\System32\shlwapi.dll
0x00007ff9cb410000 - 0x00007ff9cb42f000 	C:\WINDOWS\SYSTEM32\profapi.dll
0x00007ff99f7d0000 - 0x00007ff99f7e9000 	C:\Program Files\Java\jdk-11.0.13\bin\net.dll
0x00007ff9c0460000 - 0x00007ff9c056a000 	C:\WINDOWS\SYSTEM32\WINHTTP.dll
0x00007ff9cabd0000 - 0x00007ff9cac3a000 	C:\WINDOWS\system32\mswsock.dll
0x00007ff99c810000 - 0x00007ff99c822000 	C:\Program Files\Java\jdk-11.0.13\bin\nio.dll
0x00007ff97ac80000 - 0x00007ff97acf5000 	C:\Users\kirko\AppData\Local\Temp\lwjglkirko\3.3.1-build-7\lwjgl.dll
0x00007ff977fa0000 - 0x00007ff978001000 	C:\Users\kirko\AppData\Local\Temp\lwjglkirko\3.3.1-build-7\glfw.dll
0x00007ff982000000 - 0x00007ff982045000 	C:\WINDOWS\SYSTEM32\dinput8.dll
0x00007ff999920000 - 0x00007ff999931000 	C:\WINDOWS\SYSTEM32\xinput1_4.dll
0x00007ff9cb540000 - 0x00007ff9cb58e000 	C:\WINDOWS\System32\cfgmgr32.dll
0x00007ff9cb210000 - 0x00007ff9cb23c000 	C:\WINDOWS\SYSTEM32\DEVOBJ.dll
0x00007ff9c92e0000 - 0x00007ff9c930f000 	C:\WINDOWS\SYSTEM32\dwmapi.dll
0x00007ff9ab2e0000 - 0x00007ff9ab432000 	C:\WINDOWS\SYSTEM32\inputhost.dll
0x00007ff9ccfd0000 - 0x00007ff9cd09d000 	C:\WINDOWS\System32\OLEAUT32.dll
0x00007ff9c7440000 - 0x00007ff9c7594000 	C:\WINDOWS\SYSTEM32\wintypes.dll
0x00007ff9c8b10000 - 0x00007ff9c8c02000 	C:\WINDOWS\SYSTEM32\CoreMessaging.dll
0x00007ff9c70c0000 - 0x00007ff9c71b6000 	C:\WINDOWS\SYSTEM32\PROPSYS.dll
0x00007ff9c87b0000 - 0x00007ff9c8b0e000 	C:\WINDOWS\SYSTEM32\CoreUIComponents.dll
0x00007ff9ca1e0000 - 0x00007ff9ca213000 	C:\WINDOWS\SYSTEM32\ntmarta.dll
0x00007ff9c8f10000 - 0x00007ff9c8fae000 	C:\WINDOWS\system32\uxtheme.dll
0x00007ff9cceb0000 - 0x00007ff9ccfc5000 	C:\WINDOWS\System32\MSCTF.dll
0x00007ff981130000 - 0x00007ff981256000 	C:\WINDOWS\SYSTEM32\opengl32.dll
0x00007ff9a7ed0000 - 0x00007ff9a7efc000 	C:\WINDOWS\SYSTEM32\GLU32.dll
0x00007ff9ccb40000 - 0x00007ff9ccbe9000 	C:\WINDOWS\System32\clbcatq.dll
0x00007ff9405f0000 - 0x00007ff943618000 	C:\WINDOWS\System32\DriverStore\FileRepository\nvhmi.inf_amd64_715167e770b0a27c\nvoglv64.dll
0x00007ff9cbe10000 - 0x00007ff9cc27a000 	C:\WINDOWS\System32\SETUPAPI.dll
0x00007ff9cb590000 - 0x00007ff9cb5b7000 	C:\WINDOWS\System32\bcrypt.dll
0x00007ff9ccc20000 - 0x00007ff9ccd4a000 	C:\WINDOWS\System32\ole32.dll
0x00007ff9c5740000 - 0x00007ff9c5754000 	C:\WINDOWS\SYSTEM32\WTSAPI32.dll
0x00007ff9cae40000 - 0x00007ff9cae4c000 	C:\WINDOWS\SYSTEM32\CRYPTBASE.DLL
0x00007ff9cb050000 - 0x00007ff9cb062000 	C:\WINDOWS\SYSTEM32\msasn1.dll
0x00007ff9bf570000 - 0x00007ff9bf5a1000 	C:\WINDOWS\SYSTEM32\cryptnet.dll
0x00007ff9cb6c0000 - 0x00007ff9cb816000 	C:\WINDOWS\System32\CRYPT32.dll
0x00007ff9bc990000 - 0x00007ff9bcad8000 	C:\WINDOWS\SYSTEM32\drvstore.dll
0x00007ff9cb4d0000 - 0x00007ff9cb538000 	C:\WINDOWS\System32\WINTRUST.dll
0x00007ff9b64e0000 - 0x00007ff9b651b000 	C:\WINDOWS\SYSTEM32\dxcore.dll
0x00007ff970540000 - 0x00007ff970807000 	C:\WINDOWS\system32\nvspcap64.dll
0x00007ff9cb290000 - 0x00007ff9cb2db000 	C:\WINDOWS\SYSTEM32\powrprof.dll
0x00007ff9cb270000 - 0x00007ff9cb282000 	C:\WINDOWS\SYSTEM32\UMPDC.dll
0x00007ff9cac60000 - 0x00007ff9cacba000 	C:\WINDOWS\SYSTEM32\WINSTA.dll
0x00007ff9c9df0000 - 0x00007ff9c9ee3000 	C:\WINDOWS\system32\dxgi.dll
0x00007ff9c75a0000 - 0x00007ff9c7804000 	C:\WINDOWS\system32\d3d11.dll
0x00007ff999b50000 - 0x00007ff999c56000 	C:\WINDOWS\System32\DriverStore\FileRepository\nvhmi.inf_amd64_715167e770b0a27c\nvldumdx.dll
0x00007ff9cd100000 - 0x00007ff9cd11d000 	C:\WINDOWS\System32\imagehlp.dll
0x00007ff9cae20000 - 0x00007ff9cae38000 	C:\WINDOWS\SYSTEM32\CRYPTSP.dll
0x00007ff9ca550000 - 0x00007ff9ca584000 	C:\WINDOWS\system32\rsaenh.dll
0x00007ff986d30000 - 0x00007ff989678000 	C:\WINDOWS\System32\DriverStore\FileRepository\nvhmi.inf_amd64_715167e770b0a27c\nvwgf2umx.dll
0x00007ff9bb490000 - 0x00007ff9bbbf8000 	C:\WINDOWS\SYSTEM32\nvapi64.dll
0x00007ff976db0000 - 0x00007ff976e0d000 	C:\Users\kirko\AppData\Local\Temp\lwjglkirko\3.3.1-build-7\lwjgl_opengl.dll

dbghelp: loaded successfully - version: 4.0.5 - missing functions: none
symbol engine: initialized successfully - sym options: 0x614 - pdb path: .;C:\Program Files\Java\jdk-11.0.13\bin;C:\WINDOWS\SYSTEM32;C:\WINDOWS\WinSxS\amd64_microsoft.windows.common-controls_6595b64144ccf1df_6.0.19041.1110_none_60b5254171f9507e;C:\Program Files\Java\jdk-11.0.13\bin\server;C:\Users\kirko\AppData\Local\Temp\lwjglkirko\3.3.1-build-7;C:\WINDOWS\System32\DriverStore\FileRepository\nvhmi.inf_amd64_715167e770b0a27c

VM Arguments:
jvm_args: -Dfile.encoding=windows-1251 -Duser.country=RU -Duser.language=ru -Duser.variant 
java_command: org.game.Game
java_class_path (initial): C:\Users\kirko\IdeaProjects\2048game\build\classes\java\main;C:\Users\kirko\IdeaProjects\2048game\build\resources\main;C:\Users\kirko\.gradle\caches\modules-2\files-2.1\org.lwjgl\lwjgl-assimp\3.3.1\312072f451794f25670aebb0160ce6ec88aff842\lwjgl-assimp-3.3.1.jar;C:\Users\kirko\.gradle\caches\modules-2\files-2.1\org.lwjgl\lwjgl-assimp\3.3.1\bfa2a0d57acbf952b716d0ad8a3acbd7ad9f5639\lwjgl-assimp-3.3.1-natives-windows.jar;C:\Users\kirko\.gradle\caches\modules-2\files-2.1\org.lwjgl\lwjgl-bgfx\3.3.1\4243b7d255d885980f10c36edfb678729493685e\lwjgl-bgfx-3.3.1.jar;C:\Users\kirko\.gradle\caches\modules-2\files-2.1\org.lwjgl\lwjgl-bgfx\3.3.1\12f22e13c99db9153124dbc17b84fe0233c6f3d5\lwjgl-bgfx-3.3.1-natives-windows.jar;C:\Users\kirko\.gradle\caches\modules-2\files-2.1\org.lwjgl\lwjgl-glfw\3.3.1\cbac1b8d30cb4795149c1ef540f912671a8616d0\lwjgl-glfw-3.3.1.jar;C:\Users\kirko\.gradle\caches\modules-2\files-2.1\org.lwjgl\lwjgl-glfw\3.3.1\ed892f945cf7e79c8756796f32d00fa4ceaf573b\lwjgl-glfw-3.3.1-natives-windows.jar;C:\Users\kirko\.gradle\caches\modules-2\files-2.1\org.lwjgl\lwjgl-nanovg\3.3.1\2f3b4d8f9b8de598517f105ce7e68560f25f11c6\lwjgl-nanovg-3.3.1.jar;C:\Users\kirko\.gradle\caches\modules-2\files-2.1\org.lwjgl\lwjgl-nanovg\3.3.1\1da0ba083ec772b85b3ea49ba4a3750bf8c7f4e1\lwjgl-nanovg-3.3.1-natives-windows.jar;C:\Users\kirko\.gradle\caches\modules-2\files-2.1\org.lwjgl\lwjgl-nuklear\3.3.1\628ccf80db3d623f1f559978e4246a23b2d1eeb1\lwjgl-nuklear-3.3.1.jar;C:\Users\kirko\.gradle\caches\modules-2\files-2.1\org.lwjgl\lwjgl-nuklear\3.3.1\755c93226fa44597741e37c6649e86cefa46b262\lwjgl-nuklear-3.3.1-natives-windows.jar;C:\Users\kirko\.gradle\caches\modules-2\files-2.1\org.lwjgl\lwjgl-openal\3.3.1\2623a6b8ae1dfcd880738656a9f0243d2e6840bd\lwjgl-openal-3.3.1.jar;C:\Users\kirko\.gradle\caches\modules-2\files-2.1\org.lwjgl\lwjgl-openal\3.3.1\30a474d0e57193d7bc128849a3ab66bc9316fdb1\lwjgl-openal-3.3.1-natives-windows.jar;C:\Users\kirko\.gradle\caches\modules-2\files-2.1\or
Launcher Type: SUN_STANDARD

[Global flags]
     intx CICompilerCount                          = 4                                         {product} {ergonomic}
     uint ConcGCThreads                            = 3                                         {product} {ergonomic}
     uint G1ConcRefinementThreads                  = 10                                        {product} {ergonomic}
   size_t G1HeapRegionSize                         = 1048576                                   {product} {ergonomic}
    uintx GCDrainStackTargetSize                   = 64                                        {product} {ergonomic}
   size_t InitialHeapSize                          = 123731968                                 {product} {ergonomic}
   size_t MarkStackSize                            = 4194304                                   {product} {ergonomic}
   size_t MaxHeapSize                              = 1977614336                                {product} {ergonomic}
   size_t MaxNewSize                               = 1185939456                                {product} {ergonomic}
   size_t MinHeapDeltaBytes                        = 1048576                                   {product} {ergonomic}
    uintx NonNMethodCodeHeapSize                   = 5836300                                {pd product} {ergonomic}
    uintx NonProfiledCodeHeapSize                  = 122910970                              {pd product} {ergonomic}
    uintx ProfiledCodeHeapSize                     = 122910970                              {pd product} {ergonomic}
    uintx ReservedCodeCacheSize                    = 251658240                              {pd product} {ergonomic}
     bool SegmentedCodeCache                       = true                                      {product} {ergonomic}
     bool UseCompressedClassPointers               = true                                 {lp64_product} {ergonomic}
     bool UseCompressedOops                        = true                                 {lp64_product} {ergonomic}
     bool UseG1GC                                  = true                                      {product} {ergonomic}
     bool UseLargePagesIndividualAllocation        = false                                  {pd product} {ergonomic}

Logging:
Log output configuration:
 #0: stdout all=warning uptime,level,tags
 #1: stderr all=off uptime,level,tags

Environment Variables:
PATH=C:\Program Files\Common Files\Oracle\Java\javapath;C:\Program Files (x86)\Common Files\Oracle\Java\javapath;C:\WINDOWS\system32;C:\WINDOWS;C:\WINDOWS\System32\Wbem;C:\WINDOWS\System32\WindowsPowerShell\v1.0\;C:\WINDOWS\System32\OpenSSH\;C:\Program Files\NVIDIA Corporation\NVIDIA NvDLISR;C:\Program Files (x86)\NVIDIA Corporation\PhysX\Common;C:\Program Files\Git\cmd;C:\Users\kirko\AppData\Local\Programs\Python\Python310\Scripts\;C:\Users\kirko\AppData\Local\Programs\Python\Python310\;C:\Users\kirko\AppData\Local\Microsoft\WindowsApps;;C:\Program Files\JetBrains\IntelliJ IDEA Community Edition 2021.3.2\bin;;C:\Users\kirko\AppData\Local\Programs\Microsoft VS Code\bin
USERNAME=kirko
OS=Windows_NT
PROCESSOR_IDENTIFIER=AMD64 Family 23 Model 96 Stepping 1, AuthenticAMD



---------------  S Y S T E M  ---------------

OS: Windows 10 , 64 bit Build 19041 (10.0.19041.1645)

CPU:total 12 (initial active 12) (12 cores per cpu, 2 threads per core) family 23 model 96 stepping 1 microcode 0x0, cmov, cx8, fxsr, mmx, sse, sse2, sse3, ssse3, sse4.1, sse4.2, popcnt, avx, avx2, aes, clmul, mmxext, 3dnowpref, lzcnt, sse4a, ht, tsc, tscinvbit, tscinv, bmi1, bmi2, adx, 

Memory: 4k page, system-wide physical 7541M (318M free)
TotalPageFile size 17269M (AvailPageFile size 2073M)
current process WorkingSet (physical memory assigned to process): 95M, peak: 95M
current process commit charge ("private bytes"): 274M, peak: 274M

vm_info: Java HotSpot(TM) 64-Bit Server VM (11.0.13+10-LTS-370) for windows-amd64 JRE (11.0.13+10-LTS-370), built on Sep 15 2021 22:10:36 by "mach5one" with MS VC++ 15.9 (VS2017)

END.
